TN:
SF:/home/laissonsilveira/digitro/ambiente/workspaces/workspaceDefault/clock-in-dgt/app.js
FNF:0
FNH:0
DA:1,0
DA:2,0
DA:3,0
DA:4,0
DA:5,0
DA:7,0
DA:9,0
DA:10,0
DA:12,0
LF:9
LH:0
BRDA:4,0,0,0
BRDA:4,0,1,0
BRF:2
BRH:0
end_of_record
TN:
SF:/home/laissonsilveira/digitro/ambiente/workspaces/workspaceDefault/clock-in-dgt/public/controller.js
FN:1,(anonymous_0)
FN:7,(anonymous_1)
FN:11,(anonymous_2)
FN:17,(anonymous_3)
FN:23,(anonymous_4)
FN:28,(anonymous_5)
FN:44,(anonymous_6)
FN:78,(anonymous_7)
FN:101,(anonymous_8)
FN:103,(anonymous_9)
FN:111,(anonymous_10)
FN:123,(anonymous_11)
FN:130,(anonymous_12)
FN:151,(anonymous_13)
FN:155,(anonymous_14)
FN:161,(anonymous_15)
FN:179,(anonymous_16)
FN:181,(anonymous_17)
FN:186,(anonymous_18)
FN:192,(anonymous_19)
FN:197,(anonymous_20)
FN:200,(anonymous_21)
FN:207,(anonymous_22)
FN:217,(anonymous_23)
FNF:24
FNH:0
FNDA:0,(anonymous_0)
FNDA:0,(anonymous_1)
FNDA:0,(anonymous_2)
FNDA:0,(anonymous_3)
FNDA:0,(anonymous_4)
FNDA:0,(anonymous_5)
FNDA:0,(anonymous_6)
FNDA:0,(anonymous_7)
FNDA:0,(anonymous_8)
FNDA:0,(anonymous_9)
FNDA:0,(anonymous_10)
FNDA:0,(anonymous_11)
FNDA:0,(anonymous_12)
FNDA:0,(anonymous_13)
FNDA:0,(anonymous_14)
FNDA:0,(anonymous_15)
FNDA:0,(anonymous_16)
FNDA:0,(anonymous_17)
FNDA:0,(anonymous_18)
FNDA:0,(anonymous_19)
FNDA:0,(anonymous_20)
FNDA:0,(anonymous_21)
FNDA:0,(anonymous_22)
FNDA:0,(anonymous_23)
DA:1,0
DA:3,0
DA:4,0
DA:5,0
DA:7,0
DA:8,0
DA:9,0
DA:11,0
DA:12,0
DA:14,0
DA:15,0
DA:17,0
DA:18,0
DA:20,0
DA:21,0
DA:23,0
DA:24,0
DA:28,0
DA:29,0
DA:30,0
DA:31,0
DA:32,0
DA:33,0
DA:34,0
DA:35,0
DA:36,0
DA:44,0
DA:45,0
DA:46,0
DA:47,0
DA:48,0
DA:50,0
DA:51,0
DA:52,0
DA:53,0
DA:55,0
DA:56,0
DA:57,0
DA:58,0
DA:60,0
DA:61,0
DA:62,0
DA:63,0
DA:66,0
DA:71,0
DA:72,0
DA:75,0
DA:78,0
DA:79,0
DA:80,0
DA:81,0
DA:83,0
DA:84,0
DA:86,0
DA:87,0
DA:89,0
DA:90,0
DA:92,0
DA:93,0
DA:96,0
DA:98,0
DA:101,0
DA:102,0
DA:104,0
DA:105,0
DA:106,0
DA:107,0
DA:108,0
DA:109,0
DA:112,0
DA:113,0
DA:114,0
DA:115,0
DA:116,0
DA:117,0
DA:121,0
DA:123,0
DA:124,0
DA:126,0
DA:129,0
DA:130,0
DA:131,0
DA:132,0
DA:133,0
DA:134,0
DA:135,0
DA:136,0
DA:137,0
DA:138,0
DA:139,0
DA:140,0
DA:141,0
DA:142,0
DA:145,0
DA:147,0
DA:151,0
DA:152,0
DA:155,0
DA:156,0
DA:157,0
DA:158,0
DA:161,0
DA:162,0
DA:163,0
DA:167,0
DA:168,0
DA:169,0
DA:170,0
DA:171,0
DA:172,0
DA:174,0
DA:175,0
DA:176,0
DA:178,0
DA:180,0
DA:181,0
DA:183,0
DA:187,0
DA:188,0
DA:192,0
DA:193,0
DA:194,0
DA:197,0
DA:198,0
DA:199,0
DA:201,0
DA:202,0
DA:204,0
DA:208,0
DA:209,0
DA:214,0
DA:216,0
DA:218,0
LF:133
LH:0
BRDA:8,0,0,0
BRDA:8,0,1,0
BRDA:21,1,0,0
BRDA:21,1,1,0
BRDA:60,2,0,0
BRDA:60,2,1,0
BRDA:62,3,0,0
BRDA:62,3,1,0
BRDA:79,4,0,0
BRDA:79,4,1,0
BRDA:81,5,0,0
BRDA:81,5,1,0
BRDA:81,5,2,0
BRDA:81,5,3,0
BRDA:81,5,4,0
BRDA:113,6,0,0
BRDA:113,6,1,0
BRDA:124,7,0,0
BRDA:124,7,1,0
BRDA:129,8,0,0
BRDA:129,8,1,0
BRDA:142,9,0,0
BRDA:142,9,1,0
BRDA:180,10,0,0
BRDA:180,10,1,0
BRDA:198,11,0,0
BRDA:198,11,1,0
BRDA:201,12,0,0
BRDA:201,12,1,0
BRDA:216,13,0,0
BRDA:216,13,1,0
BRF:31
BRH:0
end_of_record
TN:
SF:/home/laissonsilveira/digitro/ambiente/workspaces/workspaceDefault/clock-in-dgt/public/lib/angular.min.js
FN:6,(anonymous_0)
FN:6,qe
FN:6,Xb
FN:6,L
FN:6,(anonymous_4)
FN:7,ra
FN:7,q
FN:8,Pc
FN:8,Yb
FN:8,(anonymous_9)
FN:8,re
FN:9,Zb
FN:9,P
FN:9,se
FN:9,ea
FN:10,ac
FN:10,x
FN:10,Qa
FN:10,ia
FN:10,(anonymous_19)
FN:10,bc
FN:10,v
FN:10,u
FN:10,G
FN:10,Oc
FN:10,B
FN:10,aa
FN:10,$
FN:11,F
FN:11,cc
FN:11,z
FN:11,bb
FN:11,ab
FN:11,cb
FN:11,Ga
FN:11,te
FN:12,$b
FN:12,ve
FN:12,ta
FN:12,db
FN:12,za
FN:12,c
FN:13,e
FN:13,f
FN:15,(anonymous_44)
FN:15,dc
FN:15,ua
FN:16,eb
FN:16,Ra
FN:17,(anonymous_49)
FN:17,(anonymous_50)
FN:17,Rc
FN:17,fb
FN:17,Sc
FN:17,ec
FN:18,Tc
FN:18,fc
FN:18,Aa
FN:18,(anonymous_58)
FN:18,Uc
FN:18,gc
FN:19,(anonymous_61)
FN:19,hc
FN:19,(anonymous_63)
FN:19,(anonymous_64)
FN:19,gb
FN:19,ka
FN:20,xe
FN:20,ye
FN:20,(anonymous_69)
FN:20,(anonymous_70)
FN:21,Vc
FN:21,(anonymous_72)
FN:21,(anonymous_73)
FN:22,(anonymous_74)
FN:22,(anonymous_75)
FN:22,(anonymous_76)
FN:22,(anonymous_77)
FN:22,(anonymous_78)
FN:23,Ae
FN:23,Be
FN:23,Wc
FN:23,(anonymous_82)
FN:23,De
FN:24,(anonymous_84)
FN:24,ib
FN:24,ub
FN:24,Na
FN:24,Ee
FN:25,vb
FN:25,U
FN:25,ic
FN:25,Fe
FN:25,b
FN:26,(anonymous_94)
FN:26,(anonymous_95)
FN:26,(anonymous_96)
FN:26,a
FN:26,(anonymous_98)
FN:26,b
FN:26,(anonymous_100)
FN:27,(anonymous_101)
FN:28,(anonymous_102)
FN:28,ja
FN:28,Ge
FN:28,(anonymous_105)
FN:28,He
FN:29,(anonymous_107)
FN:32,yb
FN:32,zb
FN:32,kc
FN:32,fd
FN:33,(anonymous_112)
FN:33,W
FN:34,oc
FN:34,Ab
FN:34,hd
FN:34,id
FN:34,jd
FN:34,(anonymous_119)
FN:35,(anonymous_120)
FN:35,pc
FN:35,Bb
FN:35,qc
FN:36,Db
FN:36,Eb
FN:36,(anonymous_126)
FN:36,Fb
FN:37,(anonymous_128)
FN:37,nc
FN:37,kd
FN:37,Gb
FN:38,ld
FN:38,Hb
FN:38,lg
FN:38,gd
FN:38,b
FN:39,md
FN:39,mg
FN:39,(anonymous_139)
FN:39,(anonymous_140)
FN:39,(anonymous_141)
FN:39,(anonymous_142)
FN:40,ng
FN:40,og
FN:40,dg
FN:40,(anonymous_146)
FN:40,(anonymous_147)
FN:40,(anonymous_148)
FN:40,(anonymous_149)
FN:40,Ta
FN:41,od
FN:41,pd
FN:41,tg
FN:41,hb
FN:41,d
FN:41,(anonymous_156)
FN:41,c
FN:42,e
FN:42,(anonymous_159)
FN:42,f
FN:42,g
FN:42,(anonymous_162)
FN:42,d
FN:43,k
FN:43,d
FN:44,e
FN:44,(anonymous_167)
FN:45,(anonymous_168)
FN:45,(anonymous_169)
FN:45,(anonymous_170)
FN:45,(anonymous_171)
FN:45,(anonymous_172)
FN:45,(anonymous_173)
FN:46,(anonymous_174)
FN:46,(anonymous_175)
FN:46,(anonymous_176)
FN:46,(anonymous_177)
FN:46,(anonymous_178)
FN:46,(anonymous_179)
FN:47,(anonymous_180)
FN:47,tf
FN:47,(anonymous_182)
FN:47,(anonymous_183)
FN:47,e
FN:47,(anonymous_185)
FN:47,f
FN:48,g
FN:48,(anonymous_188)
FN:48,(anonymous_189)
FN:48,(anonymous_190)
FN:48,jb
FN:48,ug
FN:48,(anonymous_193)
FN:49,Ka
FN:49,vg
FN:49,e
FN:49,f
FN:49,g
FN:49,k
FN:49,(anonymous_200)
FN:50,(anonymous_201)
FN:50,(anonymous_202)
FN:50,(anonymous_203)
FN:50,(anonymous_204)
FN:51,(anonymous_205)
FN:51,(anonymous_206)
FN:51,(anonymous_207)
FN:51,(anonymous_208)
FN:51,(anonymous_209)
FN:51,(anonymous_210)
FN:52,(anonymous_211)
FN:52,Af
FN:52,(anonymous_213)
FN:52,Bf
FN:52,(anonymous_215)
FN:52,a
FN:52,e
FN:52,f
FN:52,(anonymous_219)
FN:53,(anonymous_220)
FN:53,(anonymous_221)
FN:53,(anonymous_222)
FN:53,(anonymous_223)
FN:53,(anonymous_224)
FN:53,(anonymous_225)
FN:54,(anonymous_226)
FN:54,(anonymous_227)
FN:54,Yf
FN:54,(anonymous_229)
FN:54,Yc
FN:54,d
FN:54,(anonymous_232)
FN:55,c
FN:55,e
FN:55,(anonymous_235)
FN:55,K
FN:56,(anonymous_237)
FN:56,(anonymous_238)
FN:57,ma
FN:57,c
FN:57,e
FN:57,(anonymous_242)
FN:57,(anonymous_243)
FN:58,(anonymous_244)
FN:58,(anonymous_245)
FN:58,(anonymous_246)
FN:58,(anonymous_247)
FN:58,(anonymous_248)
FN:59,(anonymous_249)
FN:59,(anonymous_250)
FN:59,(anonymous_251)
FN:59,(anonymous_252)
FN:59,(anonymous_253)
FN:59,Y
FN:60,(anonymous_255)
FN:60,r
FN:60,va
FN:60,u
FN:60,N
FN:61,(anonymous_260)
FN:62,Z
FN:62,g
FN:63,Ua
FN:64,La
FN:64,d
FN:64,rc
FN:65,(anonymous_267)
FN:66,xa
FN:66,rd
FN:67,L
FN:67,(anonymous_271)
FN:67,sc
FN:67,(anonymous_273)
FN:67,W
FN:67,m
FN:68,p
FN:68,m
FN:68,(anonymous_278)
FN:69,(anonymous_279)
FN:69,(anonymous_280)
FN:70,(anonymous_281)
FN:70,(anonymous_282)
FN:70,(anonymous_283)
FN:73,(anonymous_284)
FN:73,(anonymous_285)
FN:73,(anonymous_286)
FN:75,S
FN:76,(anonymous_288)
FN:76,aa
FN:77,da
FN:77,T
FN:78,X
FN:78,ea
FN:79,(anonymous_294)
FN:79,(anonymous_295)
FN:79,ha
FN:79,(anonymous_297)
FN:80,(anonymous_298)
FN:81,(anonymous_299)
FN:81,(anonymous_300)
FN:81,fa
FN:81,$
FN:81,e
FN:82,ka
FN:82,(anonymous_305)
FN:82,(anonymous_306)
FN:82,(anonymous_307)
FN:82,ia
FN:82,na
FN:83,oa
FN:84,(anonymous_311)
FN:84,(anonymous_312)
FN:84,(anonymous_313)
FN:84,ja
FN:85,qa
FN:85,(anonymous_316)
FN:85,ra
FN:85,pa
FN:85,za
FN:85,g
FN:86,h
FN:86,(anonymous_322)
FN:86,(anonymous_323)
FN:87,(anonymous_324)
FN:87,(anonymous_325)
FN:88,(anonymous_326)
FN:88,(anonymous_327)
FN:88,(anonymous_328)
FN:88,(anonymous_329)
FN:89,(anonymous_330)
FN:89,(anonymous_331)
FN:89,(anonymous_332)
FN:90,(anonymous_333)
FN:90,(anonymous_334)
FN:91,(anonymous_335)
FN:91,(anonymous_336)
FN:91,(anonymous_337)
FN:91,(anonymous_338)
FN:91,(anonymous_339)
FN:92,(anonymous_340)
FN:92,(anonymous_341)
FN:92,(anonymous_342)
FN:92,Kb
FN:92,wa
FN:92,(anonymous_345)
FN:92,td
FN:93,sd
FN:93,wg
FN:93,Cf
FN:93,(anonymous_350)
FN:93,(anonymous_351)
FN:94,(anonymous_352)
FN:94,d
FN:94,(anonymous_354)
FN:94,(anonymous_355)
FN:95,Df
FN:95,(anonymous_357)
FN:95,Ef
FN:95,(anonymous_359)
FN:95,d
FN:95,(anonymous_361)
FN:95,(anonymous_362)
FN:95,Ff
FN:95,(anonymous_364)
FN:95,(anonymous_365)
FN:96,uc
FN:96,Kf
FN:96,(anonymous_368)
FN:96,(anonymous_369)
FN:96,(anonymous_370)
FN:96,(anonymous_371)
FN:96,Lf
FN:96,(anonymous_373)
FN:96,(anonymous_374)
FN:96,b
FN:96,(anonymous_376)
FN:96,(anonymous_377)
FN:97,vc
FN:97,yd
FN:97,(anonymous_380)
FN:97,(anonymous_381)
FN:98,zd
FN:98,(anonymous_383)
FN:98,Ad
FN:98,(anonymous_385)
FN:98,Jf
FN:98,(anonymous_387)
FN:99,(anonymous_388)
FN:99,(anonymous_389)
FN:99,n
FN:99,c
FN:100,d
FN:100,(anonymous_393)
FN:100,f
FN:101,(anonymous_395)
FN:101,(anonymous_396)
FN:102,(anonymous_397)
FN:102,(anonymous_398)
FN:102,(anonymous_399)
FN:102,t
FN:102,e
FN:102,(anonymous_402)
FN:102,(anonymous_403)
FN:102,d
FN:102,k
FN:103,g
FN:103,m
FN:103,t
FN:103,J
FN:105,s
FN:105,C
FN:105,(anonymous_412)
FN:106,(anonymous_413)
FN:106,(anonymous_414)
FN:106,(anonymous_415)
FN:106,(anonymous_416)
FN:106,(anonymous_417)
FN:106,(anonymous_418)
FN:106,(anonymous_419)
FN:106,Nf
FN:106,(anonymous_421)
FN:106,(anonymous_422)
FN:106,Mf
FN:107,(anonymous_424)
FN:107,Eg
FN:107,f
FN:107,(anonymous_427)
FN:108,(anonymous_428)
FN:108,w
FN:108,V
FN:108,(anonymous_431)
FN:108,(anonymous_432)
FN:108,(anonymous_433)
FN:109,(anonymous_434)
FN:109,(anonymous_435)
FN:109,(anonymous_436)
FN:109,(anonymous_437)
FN:109,(anonymous_438)
FN:110,(anonymous_439)
FN:110,(anonymous_440)
FN:110,Hf
FN:110,(anonymous_442)
FN:110,(anonymous_443)
FN:110,(anonymous_444)
FN:110,f
FN:110,g
FN:110,k
FN:110,(anonymous_448)
FN:111,h
FN:111,V
FN:112,(anonymous_451)
FN:112,(anonymous_452)
FN:112,(anonymous_453)
FN:112,(anonymous_454)
FN:113,(anonymous_455)
FN:113,(anonymous_456)
FN:113,(anonymous_457)
FN:113,If
FN:113,(anonymous_459)
FN:113,f
FN:113,p
FN:114,(anonymous_462)
FN:114,(anonymous_463)
FN:115,xc
FN:115,Bd
FN:115,Cd
FN:116,yc
FN:116,qa
FN:116,Da
FN:116,lb
FN:116,zc
FN:116,(anonymous_472)
FN:117,(anonymous_473)
FN:117,(anonymous_474)
FN:117,Ac
FN:118,(anonymous_476)
FN:118,(anonymous_477)
FN:119,(anonymous_478)
FN:119,Dd
FN:119,(anonymous_480)
FN:119,(anonymous_481)
FN:119,Mb
FN:119,(anonymous_483)
FN:120,Ed
FN:120,(anonymous_485)
FN:120,Pf
FN:120,(anonymous_487)
FN:120,(anonymous_488)
FN:121,(anonymous_489)
FN:121,k
FN:121,h
FN:122,(anonymous_492)
FN:123,(anonymous_493)
FN:123,(anonymous_494)
FN:123,(anonymous_495)
FN:124,(anonymous_496)
FN:124,Qf
FN:124,(anonymous_498)
FN:124,(anonymous_499)
FN:124,c
FN:125,e
FN:125,(anonymous_502)
FN:125,(anonymous_503)
FN:125,(anonymous_504)
FN:125,(anonymous_505)
FN:126,Ig
FN:126,Jg
FN:126,Fd
FN:126,Kg
FN:126,S
FN:126,(anonymous_511)
FN:128,(anonymous_512)
FN:129,(anonymous_513)
FN:129,(anonymous_514)
FN:130,Hd
FN:130,Id
FN:130,Jd
FN:131,Kd
FN:131,Ld
FN:131,Nb
FN:131,Bc
FN:131,Rf
FN:131,(anonymous_523)
FN:131,(anonymous_524)
FN:131,(anonymous_525)
FN:131,f
FN:132,g
FN:132,k
FN:132,(anonymous_529)
FN:132,(anonymous_530)
FN:133,h
FN:133,f
FN:133,g
FN:133,l
FN:133,(anonymous_535)
FN:134,m
FN:134,(anonymous_537)
FN:134,p
FN:134,n
FN:134,c
FN:134,t
FN:134,(anonymous_542)
FN:135,(anonymous_543)
FN:135,(anonymous_544)
FN:135,(anonymous_545)
FN:135,Tf
FN:135,(anonymous_547)
FN:135,(anonymous_548)
FN:136,(anonymous_549)
FN:136,Uf
FN:136,(anonymous_551)
FN:136,(anonymous_552)
FN:136,(anonymous_553)
FN:136,Md
FN:136,c
FN:136,e
FN:136,(anonymous_557)
FN:136,(anonymous_558)
FN:136,(anonymous_559)
FN:136,f
FN:136,g
FN:137,k
FN:137,(anonymous_563)
FN:138,h
FN:138,l
FN:138,c
FN:138,d
FN:138,e
FN:138,m
FN:139,p
FN:139,n
FN:139,(anonymous_572)
FN:139,t
FN:139,s
FN:139,(anonymous_575)
FN:139,C
FN:140,w
FN:140,(anonymous_578)
FN:140,(anonymous_579)
FN:140,(anonymous_580)
FN:140,(anonymous_581)
FN:140,(anonymous_582)
FN:140,(anonymous_583)
FN:140,(anonymous_584)
FN:141,(anonymous_585)
FN:141,(anonymous_586)
FN:141,(anonymous_587)
FN:141,(anonymous_588)
FN:141,(anonymous_589)
FN:141,(anonymous_590)
FN:141,cg
FN:141,(anonymous_592)
FN:142,(anonymous_593)
FN:142,(anonymous_594)
FN:142,(anonymous_595)
FN:142,(anonymous_596)
FN:142,Sf
FN:142,a
FN:142,b
FN:143,(anonymous_600)
FN:143,(anonymous_601)
FN:143,h
FN:143,l
FN:143,m
FN:144,p
FN:144,n
FN:144,t
FN:144,s
FN:144,C
FN:144,w
FN:144,(anonymous_611)
FN:145,(anonymous_612)
FN:145,(anonymous_613)
FN:146,(anonymous_614)
FN:146,(anonymous_615)
FN:146,c
FN:146,(anonymous_617)
FN:146,(anonymous_618)
FN:147,(anonymous_619)
FN:147,(anonymous_620)
FN:147,(anonymous_621)
FN:147,(anonymous_622)
FN:147,(anonymous_623)
FN:147,c
FN:148,(anonymous_625)
FN:148,(anonymous_626)
FN:150,(anonymous_627)
FN:150,(anonymous_628)
FN:151,(anonymous_629)
FN:151,(anonymous_630)
FN:152,(anonymous_631)
FN:152,(anonymous_632)
FN:152,(anonymous_633)
FN:152,(anonymous_634)
FN:152,(anonymous_635)
FN:152,(anonymous_636)
FN:153,(anonymous_637)
FN:153,b
FN:153,(anonymous_639)
FN:153,(anonymous_640)
FN:153,(anonymous_641)
FN:153,(anonymous_642)
FN:153,(anonymous_643)
FN:154,(anonymous_644)
FN:154,(anonymous_645)
FN:155,Je
FN:155,(anonymous_647)
FN:156,(anonymous_648)
FN:156,(anonymous_649)
FN:156,(anonymous_650)
FN:156,Mg
FN:156,Od
FN:156,(anonymous_653)
FN:157,Wf
FN:157,(anonymous_655)
FN:157,(anonymous_656)
FN:157,(anonymous_657)
FN:157,e
FN:157,f
FN:157,(anonymous_660)
FN:158,(anonymous_661)
FN:158,(anonymous_662)
FN:158,(anonymous_663)
FN:158,(anonymous_664)
FN:158,(anonymous_665)
FN:159,(anonymous_666)
FN:160,(anonymous_667)
FN:160,Vf
FN:160,(anonymous_669)
FN:160,(anonymous_670)
FN:160,(anonymous_671)
FN:160,(anonymous_672)
FN:161,(anonymous_673)
FN:161,(anonymous_674)
FN:161,(anonymous_675)
FN:161,(anonymous_676)
FN:161,(anonymous_677)
FN:161,(anonymous_678)
FN:161,Xf
FN:161,(anonymous_680)
FN:162,(anonymous_681)
FN:163,Zf
FN:163,(anonymous_683)
FN:163,(anonymous_684)
FN:163,g
FN:163,(anonymous_686)
FN:163,(anonymous_687)
FN:163,(anonymous_688)
FN:164,(anonymous_689)
FN:164,$f
FN:164,(anonymous_691)
FN:164,(anonymous_692)
FN:164,(anonymous_693)
FN:164,(anonymous_694)
FN:164,(anonymous_695)
FN:165,(anonymous_696)
FN:165,(anonymous_697)
FN:165,(anonymous_698)
FN:165,ag
FN:165,(anonymous_700)
FN:165,f
FN:166,(anonymous_702)
FN:166,(anonymous_703)
FN:166,oa
FN:167,Dg
FN:167,(anonymous_706)
FN:167,Cc
FN:167,bg
FN:168,Qd
FN:168,b
FN:168,(anonymous_711)
FN:168,fg
FN:168,ed
FN:168,b
FN:168,(anonymous_715)
FN:169,(anonymous_716)
FN:169,(anonymous_717)
FN:169,Pg
FN:169,(anonymous_719)
FN:170,Ug
FN:170,(anonymous_721)
FN:170,(anonymous_722)
FN:170,Ea
FN:170,(anonymous_724)
FN:171,Ec
FN:171,Rd
FN:171,(anonymous_727)
FN:172,Td
FN:172,(anonymous_729)
FN:172,Vg
FN:172,Wg
FN:173,(anonymous_732)
FN:173,Vd
FN:174,(anonymous_734)
FN:175,Pb
FN:175,X
FN:175,(anonymous_737)
FN:175,mb
FN:175,(anonymous_739)
FN:175,Yd
FN:175,Zd
FN:175,(anonymous_742)
FN:176,Gc
FN:176,Sd
FN:176,b
FN:177,(anonymous_746)
FN:177,(anonymous_747)
FN:178,Qg
FN:178,(anonymous_749)
FN:178,Rg
FN:178,(anonymous_751)
FN:178,Hc
FN:178,Ud
FN:178,b
FN:178,(anonymous_755)
FN:179,(anonymous_756)
FN:179,d
FN:179,c
FN:180,(anonymous_759)
FN:180,(anonymous_760)
FN:180,(anonymous_761)
FN:181,(anonymous_762)
FN:181,(anonymous_763)
FN:181,Wa
FN:181,Qb
FN:182,$d
FN:182,be
FN:182,b
FN:182,d
FN:183,(anonymous_770)
FN:184,ce
FN:184,Ic
FN:184,(anonymous_773)
FN:184,Xa
FN:184,(anonymous_775)
FN:185,(anonymous_776)
FN:185,(anonymous_777)
FN:185,(anonymous_778)
FN:185,(anonymous_779)
FN:185,(anonymous_780)
FN:185,(anonymous_781)
FN:186,(anonymous_782)
FN:186,(anonymous_783)
FN:186,(anonymous_784)
FN:186,Rb
FN:186,(anonymous_786)
FN:187,(anonymous_787)
FN:187,pb
FN:187,(anonymous_789)
FN:187,p
FN:188,n
FN:188,t
FN:188,(anonymous_793)
FN:188,(anonymous_794)
FN:189,(anonymous_795)
FN:189,(anonymous_796)
FN:189,(anonymous_797)
FN:189,(anonymous_798)
FN:189,Jc
FN:189,(anonymous_800)
FN:189,ee
FN:189,(anonymous_802)
FN:190,(anonymous_803)
FN:190,Ya
FN:190,Kc
FN:190,fe
FN:191,ge
FN:191,Lc
FN:191,d
FN:191,c
FN:191,(anonymous_811)
FN:192,(anonymous_812)
FN:192,(anonymous_813)
FN:192,l
FN:192,(anonymous_815)
FN:192,m
FN:192,(anonymous_817)
FN:193,(anonymous_818)
FN:193,Sb
FN:195,bh
FN:195,(anonymous_821)
FN:195,Mc
FN:195,he
FN:195,(anonymous_824)
FN:195,Fa
FN:196,(anonymous_826)
FN:196,(anonymous_827)
FN:196,(anonymous_828)
FN:196,(anonymous_829)
FN:196,(anonymous_830)
FN:197,(anonymous_831)
FN:197,(anonymous_832)
FN:198,(anonymous_833)
FN:198,(anonymous_834)
FN:199,(anonymous_835)
FN:200,(anonymous_836)
FN:201,(anonymous_837)
FN:201,(anonymous_838)
FN:201,(anonymous_839)
FN:201,(anonymous_840)
FN:201,(anonymous_841)
FN:202,(anonymous_842)
FN:202,(anonymous_843)
FN:202,(anonymous_844)
FN:202,(anonymous_845)
FN:202,(anonymous_846)
FN:202,(anonymous_847)
FN:202,(anonymous_848)
FN:203,(anonymous_849)
FN:203,(anonymous_850)
FN:203,(anonymous_851)
FN:203,(anonymous_852)
FN:203,a
FN:204,(anonymous_854)
FN:204,(anonymous_855)
FN:204,(anonymous_856)
FN:204,(anonymous_857)
FN:204,(anonymous_858)
FN:205,(anonymous_859)
FN:206,(anonymous_860)
FN:206,e
FN:206,(anonymous_862)
FN:206,(anonymous_863)
FN:206,(anonymous_864)
FN:206,(anonymous_865)
FN:206,(anonymous_866)
FN:206,(anonymous_867)
FN:207,(anonymous_868)
FN:207,(anonymous_869)
FN:207,(anonymous_870)
FN:207,(anonymous_871)
FN:207,(anonymous_872)
FN:207,(anonymous_873)
FN:207,(anonymous_874)
FN:208,(anonymous_875)
FN:208,(anonymous_876)
FN:208,(anonymous_877)
FN:208,(anonymous_878)
FN:208,(anonymous_879)
FN:208,(anonymous_880)
FN:208,(anonymous_881)
FN:208,(anonymous_882)
FN:209,(anonymous_883)
FN:209,(anonymous_884)
FN:209,(anonymous_885)
FN:209,(anonymous_886)
FN:210,(anonymous_887)
FN:210,(anonymous_888)
FN:210,(anonymous_889)
FN:210,(anonymous_890)
FN:211,(anonymous_891)
FN:211,(anonymous_892)
FN:211,(anonymous_893)
FN:211,(anonymous_894)
FN:211,(anonymous_895)
FN:212,(anonymous_896)
FN:212,(anonymous_897)
FN:212,(anonymous_898)
FN:212,e
FN:212,(anonymous_900)
FN:212,f
FN:212,(anonymous_902)
FN:212,(anonymous_903)
FN:212,(anonymous_904)
FN:213,(anonymous_905)
FN:213,(anonymous_906)
FN:213,(anonymous_907)
FN:214,(anonymous_908)
FN:214,(anonymous_909)
FN:214,(anonymous_910)
FN:214,b
FN:215,(anonymous_912)
FN:215,(anonymous_913)
FN:215,(anonymous_914)
FN:215,(anonymous_915)
FN:215,(anonymous_916)
FN:215,(anonymous_917)
FN:215,(anonymous_918)
FN:216,(anonymous_919)
FN:216,(anonymous_920)
FN:216,(anonymous_921)
FN:216,(anonymous_922)
FN:216,b
FN:216,(anonymous_924)
FN:217,(anonymous_925)
FN:217,(anonymous_926)
FN:217,(anonymous_927)
FN:217,(anonymous_928)
FN:217,(anonymous_929)
FN:217,f
FN:217,(anonymous_931)
FN:217,(anonymous_932)
FN:217,c
FN:217,(anonymous_934)
FN:217,(anonymous_935)
FN:217,c
FN:218,(anonymous_937)
FN:218,(anonymous_938)
FN:218,(anonymous_939)
FN:218,(anonymous_940)
FN:218,(anonymous_941)
FN:218,(anonymous_942)
FN:218,(anonymous_943)
FN:218,(anonymous_944)
FN:218,(anonymous_945)
FN:218,(anonymous_946)
FN:219,(anonymous_947)
FN:219,(anonymous_948)
FN:219,(anonymous_949)
FN:219,(anonymous_950)
FN:219,(anonymous_951)
FN:219,(anonymous_952)
FN:219,(anonymous_953)
FN:219,(anonymous_954)
FN:220,(anonymous_955)
FN:220,(anonymous_956)
FN:220,f
FN:220,(anonymous_958)
FN:220,(anonymous_959)
FN:221,(anonymous_960)
FN:221,(anonymous_961)
FN:221,(anonymous_962)
FN:221,(anonymous_963)
FN:221,(anonymous_964)
FN:222,(anonymous_965)
FN:222,(anonymous_966)
FN:222,(anonymous_967)
FN:222,a
FN:222,(anonymous_969)
FN:222,(anonymous_970)
FN:222,(anonymous_971)
FN:222,(anonymous_972)
FN:222,(anonymous_973)
FN:223,(anonymous_974)
FN:223,(anonymous_975)
FN:223,(anonymous_976)
FN:224,(anonymous_977)
FN:224,(anonymous_978)
FN:224,(anonymous_979)
FN:224,(anonymous_980)
FN:224,(anonymous_981)
FN:225,(anonymous_982)
FN:225,(anonymous_983)
FN:225,(anonymous_984)
FN:227,(anonymous_985)
FN:227,(anonymous_986)
FN:227,(anonymous_987)
FN:227,(anonymous_988)
FN:227,(anonymous_989)
FN:227,(anonymous_990)
FN:228,(anonymous_991)
FN:228,(anonymous_992)
FN:228,(anonymous_993)
FN:228,(anonymous_994)
FN:229,(anonymous_995)
FN:229,(anonymous_996)
FN:229,(anonymous_997)
FN:230,(anonymous_998)
FN:231,(anonymous_999)
FN:232,(anonymous_1000)
FN:233,(anonymous_1001)
FN:233,(anonymous_1002)
FN:234,(anonymous_1003)
FN:234,(anonymous_1004)
FN:234,(anonymous_1005)
FN:234,(anonymous_1006)
FN:234,(anonymous_1007)
FN:235,(anonymous_1008)
FN:235,(anonymous_1009)
FN:235,(anonymous_1010)
FN:236,(anonymous_1011)
FN:236,(anonymous_1012)
FN:236,(anonymous_1013)
FN:237,(anonymous_1014)
FN:237,(anonymous_1015)
FN:239,(anonymous_1016)
FN:239,(anonymous_1017)
FN:239,(anonymous_1018)
FN:240,(anonymous_1019)
FN:240,(anonymous_1020)
FN:240,(anonymous_1021)
FN:241,(anonymous_1022)
FN:242,(anonymous_1023)
FN:242,(anonymous_1024)
FN:242,(anonymous_1025)
FN:242,(anonymous_1026)
FN:243,(anonymous_1027)
FN:243,(anonymous_1028)
FN:244,(anonymous_1029)
FN:245,(anonymous_1030)
FN:245,(anonymous_1031)
FN:245,(anonymous_1032)
FN:245,(anonymous_1033)
FN:245,(anonymous_1034)
FN:246,(anonymous_1035)
FN:246,(anonymous_1036)
FN:246,(anonymous_1037)
FN:246,(anonymous_1038)
FN:247,(anonymous_1039)
FN:247,(anonymous_1040)
FN:247,(anonymous_1041)
FN:247,(anonymous_1042)
FN:247,(anonymous_1043)
FN:249,(anonymous_1044)
FN:249,(anonymous_1045)
FN:250,(anonymous_1046)
FN:250,(anonymous_1047)
FN:250,(anonymous_1048)
FN:251,(anonymous_1049)
FN:251,(anonymous_1050)
FN:251,(anonymous_1051)
FN:251,(anonymous_1052)
FN:251,(anonymous_1053)
FN:252,(anonymous_1054)
FN:252,(anonymous_1055)
FN:252,(anonymous_1056)
FN:252,(anonymous_1057)
FN:252,(anonymous_1058)
FN:253,(anonymous_1059)
FN:253,(anonymous_1060)
FN:253,(anonymous_1061)
FN:253,(anonymous_1062)
FN:254,(anonymous_1063)
FN:254,(anonymous_1064)
FN:254,(anonymous_1065)
FN:255,(anonymous_1066)
FN:255,(anonymous_1067)
FN:255,(anonymous_1068)
FN:255,(anonymous_1069)
FN:255,(anonymous_1070)
FN:255,(anonymous_1071)
FN:255,(anonymous_1072)
FN:255,(anonymous_1073)
FN:256,(anonymous_1074)
FN:256,(anonymous_1075)
FN:256,(anonymous_1076)
FN:256,(anonymous_1077)
FN:256,(anonymous_1078)
FN:256,(anonymous_1079)
FN:256,(anonymous_1080)
FN:257,(anonymous_1081)
FN:257,(anonymous_1082)
FN:257,(anonymous_1083)
FN:257,(anonymous_1084)
FN:258,(anonymous_1085)
FN:258,(anonymous_1086)
FN:258,(anonymous_1087)
FN:258,(anonymous_1088)
FN:258,(anonymous_1089)
FN:258,(anonymous_1090)
FN:258,(anonymous_1091)
FN:260,(anonymous_1092)
FN:260,(anonymous_1093)
FN:261,(anonymous_1094)
FN:261,(anonymous_1095)
FN:261,(anonymous_1096)
FN:261,(anonymous_1097)
FN:262,(anonymous_1098)
FN:262,(anonymous_1099)
FN:262,(anonymous_1100)
FN:263,(anonymous_1101)
FN:263,(anonymous_1102)
FN:263,(anonymous_1103)
FN:263,(anonymous_1104)
FN:263,(anonymous_1105)
FN:263,(anonymous_1106)
FN:263,(anonymous_1107)
FN:263,(anonymous_1108)
FN:263,(anonymous_1109)
FN:263,(anonymous_1110)
FN:264,(anonymous_1111)
FN:264,(anonymous_1112)
FN:264,(anonymous_1113)
FN:264,(anonymous_1114)
FN:264,(anonymous_1115)
FN:264,(anonymous_1116)
FN:264,(anonymous_1117)
FN:264,(anonymous_1118)
FN:264,(anonymous_1119)
FN:264,(anonymous_1120)
FN:265,(anonymous_1121)
FN:265,(anonymous_1122)
FN:265,(anonymous_1123)
FN:265,(anonymous_1124)
FN:265,(anonymous_1125)
FN:265,(anonymous_1126)
FN:265,(anonymous_1127)
FN:265,(anonymous_1128)
FN:265,(anonymous_1129)
FN:265,(anonymous_1130)
FN:266,(anonymous_1131)
FN:266,(anonymous_1132)
FN:266,(anonymous_1133)
FN:266,(anonymous_1134)
FN:266,(anonymous_1135)
FN:266,(anonymous_1136)
FN:266,(anonymous_1137)
FN:266,(anonymous_1138)
FN:266,(anonymous_1139)
FN:266,(anonymous_1140)
FN:267,(anonymous_1141)
FN:267,(anonymous_1142)
FN:267,(anonymous_1143)
FN:267,(anonymous_1144)
FN:267,(anonymous_1145)
FN:267,(anonymous_1146)
FN:267,(anonymous_1147)
FN:268,(anonymous_1148)
FN:268,(anonymous_1149)
FN:268,(anonymous_1150)
FN:268,(anonymous_1151)
FN:269,(anonymous_1152)
FN:270,(anonymous_1153)
FN:271,(anonymous_1154)
FN:271,(anonymous_1155)
FN:271,(anonymous_1156)
FN:271,(anonymous_1157)
FN:272,(anonymous_1158)
FN:272,(anonymous_1159)
FN:272,d
FN:272,(anonymous_1161)
FN:272,(anonymous_1162)
FN:272,(anonymous_1163)
FN:272,(anonymous_1164)
FN:272,(anonymous_1165)
FN:272,(anonymous_1166)
FN:273,(anonymous_1167)
FN:273,(anonymous_1168)
FN:273,(anonymous_1169)
FN:273,(anonymous_1170)
FN:273,(anonymous_1171)
FN:273,(anonymous_1172)
FN:274,(anonymous_1173)
FN:274,(anonymous_1174)
FN:274,(anonymous_1175)
FN:274,(anonymous_1176)
FN:274,(anonymous_1177)
FN:274,(anonymous_1178)
FN:275,(anonymous_1179)
FN:275,(anonymous_1180)
FN:275,(anonymous_1181)
FN:275,(anonymous_1182)
FN:275,(anonymous_1183)
FN:276,(anonymous_1184)
FN:276,(anonymous_1185)
FN:276,(anonymous_1186)
FN:276,(anonymous_1187)
FN:276,(anonymous_1188)
FN:276,(anonymous_1189)
FN:277,(anonymous_1190)
FN:277,(anonymous_1191)
FN:277,(anonymous_1192)
FN:277,(anonymous_1193)
FN:277,(anonymous_1194)
FN:277,c
FN:277,(anonymous_1196)
FN:278,(anonymous_1197)
FN:278,(anonymous_1198)
FN:278,(anonymous_1199)
FN:278,(anonymous_1200)
FN:278,(anonymous_1201)
FN:278,(anonymous_1202)
FN:279,(anonymous_1203)
FN:280,(anonymous_1204)
FN:280,(anonymous_1205)
FN:281,(anonymous_1206)
FN:281,(anonymous_1207)
FN:282,(anonymous_1208)
FN:282,(anonymous_1209)
FN:282,(anonymous_1210)
FN:282,(anonymous_1211)
FN:282,(anonymous_1212)
FN:282,(anonymous_1213)
FN:282,(anonymous_1214)
FN:282,(anonymous_1215)
FN:283,(anonymous_1216)
FN:283,(anonymous_1217)
FN:283,(anonymous_1218)
FN:283,(anonymous_1219)
FN:283,(anonymous_1220)
FN:283,(anonymous_1221)
FN:283,g
FN:284,k
FN:284,h
FN:284,l
FN:285,(anonymous_1226)
FN:285,(anonymous_1227)
FN:285,(anonymous_1228)
FN:285,(anonymous_1229)
FN:285,(anonymous_1230)
FN:285,(anonymous_1231)
FN:285,(anonymous_1232)
FN:285,(anonymous_1233)
FN:286,(anonymous_1234)
FN:286,(anonymous_1235)
FN:286,(anonymous_1236)
FN:286,(anonymous_1237)
FN:286,(anonymous_1238)
FN:286,(anonymous_1239)
FN:286,(anonymous_1240)
FN:287,(anonymous_1241)
FN:287,a
FN:287,(anonymous_1243)
FN:287,(anonymous_1244)
FN:287,(anonymous_1245)
FN:287,(anonymous_1246)
FN:287,(anonymous_1247)
FN:287,(anonymous_1248)
FN:287,(anonymous_1249)
FN:288,(anonymous_1250)
FN:288,(anonymous_1251)
FN:288,(anonymous_1252)
FN:288,(anonymous_1253)
FN:288,(anonymous_1254)
FN:288,(anonymous_1255)
FN:288,(anonymous_1256)
FN:288,(anonymous_1257)
FN:289,(anonymous_1258)
FN:289,(anonymous_1259)
FN:289,(anonymous_1260)
FN:289,(anonymous_1261)
FN:289,(anonymous_1262)
FN:289,(anonymous_1263)
FN:290,(anonymous_1264)
FN:290,(anonymous_1265)
FN:290,(anonymous_1266)
FN:290,(anonymous_1267)
FN:290,(anonymous_1268)
FN:290,(anonymous_1269)
FN:290,(anonymous_1270)
FN:291,(anonymous_1271)
FN:291,(anonymous_1272)
FN:291,(anonymous_1273)
FN:291,(anonymous_1274)
FN:291,(anonymous_1275)
FN:291,(anonymous_1276)
FN:292,(anonymous_1277)
FN:292,(anonymous_1278)
FN:292,(anonymous_1279)
FN:292,(anonymous_1280)
FN:292,(anonymous_1281)
FN:292,(anonymous_1282)
FN:292,(anonymous_1283)
FN:292,(anonymous_1284)
FN:293,(anonymous_1285)
FN:293,(anonymous_1286)
FN:293,(anonymous_1287)
FN:293,(anonymous_1288)
FN:293,(anonymous_1289)
FN:293,(anonymous_1290)
FN:294,(anonymous_1291)
FN:294,(anonymous_1292)
FN:294,(anonymous_1293)
FN:294,(anonymous_1294)
FN:294,(anonymous_1295)
FN:295,(anonymous_1296)
FN:295,(anonymous_1297)
FN:295,(anonymous_1298)
FN:295,(anonymous_1299)
FN:296,(anonymous_1300)
FN:296,(anonymous_1301)
FN:296,(anonymous_1302)
FN:297,(anonymous_1303)
FN:297,(anonymous_1304)
FN:297,(anonymous_1305)
FN:297,(anonymous_1306)
FN:298,(anonymous_1307)
FN:298,(anonymous_1308)
FN:298,c
FN:298,(anonymous_1310)
FN:298,(anonymous_1311)
FN:298,e
FN:298,(anonymous_1313)
FN:299,(anonymous_1314)
FN:299,(anonymous_1315)
FN:299,(anonymous_1316)
FN:299,f
FN:299,g
FN:299,(anonymous_1319)
FN:299,(anonymous_1320)
FN:300,(anonymous_1321)
FN:300,(anonymous_1322)
FN:300,(anonymous_1323)
FN:301,(anonymous_1324)
FN:302,(anonymous_1325)
FN:302,(anonymous_1326)
FN:302,(anonymous_1327)
FN:302,(anonymous_1328)
FN:303,(anonymous_1329)
FN:303,(anonymous_1330)
FN:303,(anonymous_1331)
FN:303,(anonymous_1332)
FN:304,(anonymous_1333)
FN:304,(anonymous_1334)
FN:304,(anonymous_1335)
FN:305,(anonymous_1336)
FN:305,(anonymous_1337)
FN:305,(anonymous_1338)
FN:305,(anonymous_1339)
FN:305,(anonymous_1340)
FN:305,(anonymous_1341)
FN:306,(anonymous_1342)
FN:306,(anonymous_1343)
FN:306,(anonymous_1344)
FN:306,g
FN:306,(anonymous_1346)
FN:306,(anonymous_1347)
FN:306,(anonymous_1348)
FN:306,(anonymous_1349)
FN:307,(anonymous_1350)
FN:307,(anonymous_1351)
FN:307,a
FN:307,(anonymous_1353)
FN:309,(anonymous_1354)
FN:309,c
FN:309,e
FN:309,f
FN:309,(anonymous_1358)
FN:309,(anonymous_1359)
FN:310,(anonymous_1360)
FN:310,(anonymous_1361)
FN:310,(anonymous_1362)
FN:310,(anonymous_1363)
FN:310,(anonymous_1364)
FN:311,(anonymous_1365)
FN:311,(anonymous_1366)
FN:311,(anonymous_1367)
FN:311,(anonymous_1368)
FN:311,m
FN:312,p
FN:312,(anonymous_1371)
FN:313,(anonymous_1372)
FN:313,(anonymous_1373)
FN:313,(anonymous_1374)
FN:313,(anonymous_1375)
FN:313,(anonymous_1376)
FN:313,(anonymous_1377)
FN:313,(anonymous_1378)
FN:313,(anonymous_1379)
FN:314,(anonymous_1380)
FN:314,(anonymous_1381)
FN:314,(anonymous_1382)
FN:315,(anonymous_1383)
FN:315,(anonymous_1384)
FN:315,(anonymous_1385)
FN:316,(anonymous_1386)
FN:317,(anonymous_1387)
FN:317,(anonymous_1388)
FN:317,h
FN:317,(anonymous_1390)
FN:317,(anonymous_1391)
FN:317,(anonymous_1392)
FN:318,(anonymous_1393)
FN:318,(anonymous_1394)
FN:318,(anonymous_1395)
FN:318,(anonymous_1396)
FN:319,(anonymous_1397)
FN:319,(anonymous_1398)
FN:319,(anonymous_1399)
FN:319,(anonymous_1400)
FN:320,(anonymous_1401)
FN:320,(anonymous_1402)
FN:320,(anonymous_1403)
FN:320,(anonymous_1404)
FN:321,(anonymous_1405)
FN:321,(anonymous_1406)
FN:322,(anonymous_1407)
FN:322,(anonymous_1408)
FN:322,(anonymous_1409)
FN:323,(anonymous_1410)
FN:323,(anonymous_1411)
FN:323,(anonymous_1412)
FN:323,(anonymous_1413)
FN:323,(anonymous_1414)
FN:323,(anonymous_1415)
FN:323,(anonymous_1416)
FN:323,(anonymous_1417)
FN:323,(anonymous_1418)
FN:324,(anonymous_1419)
FN:324,(anonymous_1420)
FN:324,(anonymous_1421)
FN:324,(anonymous_1422)
FN:324,(anonymous_1423)
FN:324,(anonymous_1424)
FN:325,(anonymous_1425)
FN:325,(anonymous_1426)
FN:325,(anonymous_1427)
FN:325,(anonymous_1428)
FN:326,(anonymous_1429)
FN:326,(anonymous_1430)
FN:326,(anonymous_1431)
FN:326,h
FN:326,(anonymous_1433)
FN:326,(anonymous_1434)
FN:327,(anonymous_1435)
FN:327,(anonymous_1436)
FN:327,(anonymous_1437)
FN:327,d
FN:327,(anonymous_1439)
FN:327,c
FN:327,(anonymous_1441)
FN:328,(anonymous_1442)
FN:328,(anonymous_1443)
FN:328,(anonymous_1444)
FN:328,(anonymous_1445)
FN:329,(anonymous_1446)
FN:329,(anonymous_1447)
FN:329,(anonymous_1448)
FN:329,(anonymous_1449)
FN:329,(anonymous_1450)
FN:330,(anonymous_1451)
FN:330,(anonymous_1452)
FN:330,(anonymous_1453)
FN:330,(anonymous_1454)
FN:330,(anonymous_1455)
FN:331,(anonymous_1456)
FN:331,(anonymous_1457)
FN:331,(anonymous_1458)
FN:331,(anonymous_1459)
FN:332,(anonymous_1460)
FN:332,(anonymous_1461)
FN:332,(anonymous_1462)
FN:333,(anonymous_1463)
FN:333,(anonymous_1464)
FN:333,(anonymous_1465)
FN:333,(anonymous_1466)
FN:333,(anonymous_1467)
FN:333,(anonymous_1468)
FN:333,(anonymous_1469)
FN:334,(anonymous_1470)
FN:334,(anonymous_1471)
FN:334,(anonymous_1472)
FN:334,(anonymous_1473)
FN:334,(anonymous_1474)
FN:335,(anonymous_1475)
FN:335,(anonymous_1476)
FN:335,(anonymous_1477)
FN:335,(anonymous_1478)
FN:335,(anonymous_1479)
FN:335,(anonymous_1480)
FN:336,(anonymous_1481)
FN:336,(anonymous_1482)
FN:336,(anonymous_1483)
FN:336,(anonymous_1484)
FN:336,(anonymous_1485)
FN:336,(anonymous_1486)
FN:336,(anonymous_1487)
FN:337,(anonymous_1488)
FN:337,(anonymous_1489)
FN:337,(anonymous_1490)
FN:337,(anonymous_1491)
FN:337,(anonymous_1492)
FN:337,(anonymous_1493)
FN:337,(anonymous_1494)
FN:338,(anonymous_1495)
FN:338,b
FN:340,(anonymous_1497)
FN:340,(anonymous_1498)
FNF:1499
FNH:0
FNDA:0,(anonymous_0)
FNDA:0,qe
FNDA:0,Xb
FNDA:0,L
FNDA:0,(anonymous_4)
FNDA:0,ra
FNDA:0,q
FNDA:0,Pc
FNDA:0,Yb
FNDA:0,(anonymous_9)
FNDA:0,re
FNDA:0,Zb
FNDA:0,P
FNDA:0,se
FNDA:0,ea
FNDA:0,ac
FNDA:0,x
FNDA:0,Qa
FNDA:0,ia
FNDA:0,(anonymous_19)
FNDA:0,bc
FNDA:0,v
FNDA:0,u
FNDA:0,G
FNDA:0,Oc
FNDA:0,B
FNDA:0,aa
FNDA:0,$
FNDA:0,F
FNDA:0,cc
FNDA:0,z
FNDA:0,bb
FNDA:0,ab
FNDA:0,cb
FNDA:0,Ga
FNDA:0,te
FNDA:0,$b
FNDA:0,ve
FNDA:0,ta
FNDA:0,db
FNDA:0,za
FNDA:0,c
FNDA:0,e
FNDA:0,f
FNDA:0,(anonymous_44)
FNDA:0,dc
FNDA:0,ua
FNDA:0,eb
FNDA:0,Ra
FNDA:0,(anonymous_49)
FNDA:0,(anonymous_50)
FNDA:0,Rc
FNDA:0,fb
FNDA:0,Sc
FNDA:0,ec
FNDA:0,Tc
FNDA:0,fc
FNDA:0,Aa
FNDA:0,(anonymous_58)
FNDA:0,Uc
FNDA:0,gc
FNDA:0,(anonymous_61)
FNDA:0,hc
FNDA:0,(anonymous_63)
FNDA:0,(anonymous_64)
FNDA:0,gb
FNDA:0,ka
FNDA:0,xe
FNDA:0,ye
FNDA:0,(anonymous_69)
FNDA:0,(anonymous_70)
FNDA:0,Vc
FNDA:0,(anonymous_72)
FNDA:0,(anonymous_73)
FNDA:0,(anonymous_74)
FNDA:0,(anonymous_75)
FNDA:0,(anonymous_76)
FNDA:0,(anonymous_77)
FNDA:0,(anonymous_78)
FNDA:0,Ae
FNDA:0,Be
FNDA:0,Wc
FNDA:0,(anonymous_82)
FNDA:0,De
FNDA:0,(anonymous_84)
FNDA:0,ib
FNDA:0,ub
FNDA:0,Na
FNDA:0,Ee
FNDA:0,vb
FNDA:0,U
FNDA:0,ic
FNDA:0,Fe
FNDA:0,b
FNDA:0,(anonymous_94)
FNDA:0,(anonymous_95)
FNDA:0,(anonymous_96)
FNDA:0,a
FNDA:0,(anonymous_98)
FNDA:0,b
FNDA:0,(anonymous_100)
FNDA:0,(anonymous_101)
FNDA:0,(anonymous_102)
FNDA:0,ja
FNDA:0,Ge
FNDA:0,(anonymous_105)
FNDA:0,He
FNDA:0,(anonymous_107)
FNDA:0,yb
FNDA:0,zb
FNDA:0,kc
FNDA:0,fd
FNDA:0,(anonymous_112)
FNDA:0,W
FNDA:0,oc
FNDA:0,Ab
FNDA:0,hd
FNDA:0,id
FNDA:0,jd
FNDA:0,(anonymous_119)
FNDA:0,(anonymous_120)
FNDA:0,pc
FNDA:0,Bb
FNDA:0,qc
FNDA:0,Db
FNDA:0,Eb
FNDA:0,(anonymous_126)
FNDA:0,Fb
FNDA:0,(anonymous_128)
FNDA:0,nc
FNDA:0,kd
FNDA:0,Gb
FNDA:0,ld
FNDA:0,Hb
FNDA:0,lg
FNDA:0,gd
FNDA:0,b
FNDA:0,md
FNDA:0,mg
FNDA:0,(anonymous_139)
FNDA:0,(anonymous_140)
FNDA:0,(anonymous_141)
FNDA:0,(anonymous_142)
FNDA:0,ng
FNDA:0,og
FNDA:0,dg
FNDA:0,(anonymous_146)
FNDA:0,(anonymous_147)
FNDA:0,(anonymous_148)
FNDA:0,(anonymous_149)
FNDA:0,Ta
FNDA:0,od
FNDA:0,pd
FNDA:0,tg
FNDA:0,hb
FNDA:0,d
FNDA:0,(anonymous_156)
FNDA:0,c
FNDA:0,e
FNDA:0,(anonymous_159)
FNDA:0,f
FNDA:0,g
FNDA:0,(anonymous_162)
FNDA:0,d
FNDA:0,k
FNDA:0,d
FNDA:0,e
FNDA:0,(anonymous_167)
FNDA:0,(anonymous_168)
FNDA:0,(anonymous_169)
FNDA:0,(anonymous_170)
FNDA:0,(anonymous_171)
FNDA:0,(anonymous_172)
FNDA:0,(anonymous_173)
FNDA:0,(anonymous_174)
FNDA:0,(anonymous_175)
FNDA:0,(anonymous_176)
FNDA:0,(anonymous_177)
FNDA:0,(anonymous_178)
FNDA:0,(anonymous_179)
FNDA:0,(anonymous_180)
FNDA:0,tf
FNDA:0,(anonymous_182)
FNDA:0,(anonymous_183)
FNDA:0,e
FNDA:0,(anonymous_185)
FNDA:0,f
FNDA:0,g
FNDA:0,(anonymous_188)
FNDA:0,(anonymous_189)
FNDA:0,(anonymous_190)
FNDA:0,jb
FNDA:0,ug
FNDA:0,(anonymous_193)
FNDA:0,Ka
FNDA:0,vg
FNDA:0,e
FNDA:0,f
FNDA:0,g
FNDA:0,k
FNDA:0,(anonymous_200)
FNDA:0,(anonymous_201)
FNDA:0,(anonymous_202)
FNDA:0,(anonymous_203)
FNDA:0,(anonymous_204)
FNDA:0,(anonymous_205)
FNDA:0,(anonymous_206)
FNDA:0,(anonymous_207)
FNDA:0,(anonymous_208)
FNDA:0,(anonymous_209)
FNDA:0,(anonymous_210)
FNDA:0,(anonymous_211)
FNDA:0,Af
FNDA:0,(anonymous_213)
FNDA:0,Bf
FNDA:0,(anonymous_215)
FNDA:0,a
FNDA:0,e
FNDA:0,f
FNDA:0,(anonymous_219)
FNDA:0,(anonymous_220)
FNDA:0,(anonymous_221)
FNDA:0,(anonymous_222)
FNDA:0,(anonymous_223)
FNDA:0,(anonymous_224)
FNDA:0,(anonymous_225)
FNDA:0,(anonymous_226)
FNDA:0,(anonymous_227)
FNDA:0,Yf
FNDA:0,(anonymous_229)
FNDA:0,Yc
FNDA:0,d
FNDA:0,(anonymous_232)
FNDA:0,c
FNDA:0,e
FNDA:0,(anonymous_235)
FNDA:0,K
FNDA:0,(anonymous_237)
FNDA:0,(anonymous_238)
FNDA:0,ma
FNDA:0,c
FNDA:0,e
FNDA:0,(anonymous_242)
FNDA:0,(anonymous_243)
FNDA:0,(anonymous_244)
FNDA:0,(anonymous_245)
FNDA:0,(anonymous_246)
FNDA:0,(anonymous_247)
FNDA:0,(anonymous_248)
FNDA:0,(anonymous_249)
FNDA:0,(anonymous_250)
FNDA:0,(anonymous_251)
FNDA:0,(anonymous_252)
FNDA:0,(anonymous_253)
FNDA:0,Y
FNDA:0,(anonymous_255)
FNDA:0,r
FNDA:0,va
FNDA:0,u
FNDA:0,N
FNDA:0,(anonymous_260)
FNDA:0,Z
FNDA:0,g
FNDA:0,Ua
FNDA:0,La
FNDA:0,d
FNDA:0,rc
FNDA:0,(anonymous_267)
FNDA:0,xa
FNDA:0,rd
FNDA:0,L
FNDA:0,(anonymous_271)
FNDA:0,sc
FNDA:0,(anonymous_273)
FNDA:0,W
FNDA:0,m
FNDA:0,p
FNDA:0,m
FNDA:0,(anonymous_278)
FNDA:0,(anonymous_279)
FNDA:0,(anonymous_280)
FNDA:0,(anonymous_281)
FNDA:0,(anonymous_282)
FNDA:0,(anonymous_283)
FNDA:0,(anonymous_284)
FNDA:0,(anonymous_285)
FNDA:0,(anonymous_286)
FNDA:0,S
FNDA:0,(anonymous_288)
FNDA:0,aa
FNDA:0,da
FNDA:0,T
FNDA:0,X
FNDA:0,ea
FNDA:0,(anonymous_294)
FNDA:0,(anonymous_295)
FNDA:0,ha
FNDA:0,(anonymous_297)
FNDA:0,(anonymous_298)
FNDA:0,(anonymous_299)
FNDA:0,(anonymous_300)
FNDA:0,fa
FNDA:0,$
FNDA:0,e
FNDA:0,ka
FNDA:0,(anonymous_305)
FNDA:0,(anonymous_306)
FNDA:0,(anonymous_307)
FNDA:0,ia
FNDA:0,na
FNDA:0,oa
FNDA:0,(anonymous_311)
FNDA:0,(anonymous_312)
FNDA:0,(anonymous_313)
FNDA:0,ja
FNDA:0,qa
FNDA:0,(anonymous_316)
FNDA:0,ra
FNDA:0,pa
FNDA:0,za
FNDA:0,g
FNDA:0,h
FNDA:0,(anonymous_322)
FNDA:0,(anonymous_323)
FNDA:0,(anonymous_324)
FNDA:0,(anonymous_325)
FNDA:0,(anonymous_326)
FNDA:0,(anonymous_327)
FNDA:0,(anonymous_328)
FNDA:0,(anonymous_329)
FNDA:0,(anonymous_330)
FNDA:0,(anonymous_331)
FNDA:0,(anonymous_332)
FNDA:0,(anonymous_333)
FNDA:0,(anonymous_334)
FNDA:0,(anonymous_335)
FNDA:0,(anonymous_336)
FNDA:0,(anonymous_337)
FNDA:0,(anonymous_338)
FNDA:0,(anonymous_339)
FNDA:0,(anonymous_340)
FNDA:0,(anonymous_341)
FNDA:0,(anonymous_342)
FNDA:0,Kb
FNDA:0,wa
FNDA:0,(anonymous_345)
FNDA:0,td
FNDA:0,sd
FNDA:0,wg
FNDA:0,Cf
FNDA:0,(anonymous_350)
FNDA:0,(anonymous_351)
FNDA:0,(anonymous_352)
FNDA:0,d
FNDA:0,(anonymous_354)
FNDA:0,(anonymous_355)
FNDA:0,Df
FNDA:0,(anonymous_357)
FNDA:0,Ef
FNDA:0,(anonymous_359)
FNDA:0,d
FNDA:0,(anonymous_361)
FNDA:0,(anonymous_362)
FNDA:0,Ff
FNDA:0,(anonymous_364)
FNDA:0,(anonymous_365)
FNDA:0,uc
FNDA:0,Kf
FNDA:0,(anonymous_368)
FNDA:0,(anonymous_369)
FNDA:0,(anonymous_370)
FNDA:0,(anonymous_371)
FNDA:0,Lf
FNDA:0,(anonymous_373)
FNDA:0,(anonymous_374)
FNDA:0,b
FNDA:0,(anonymous_376)
FNDA:0,(anonymous_377)
FNDA:0,vc
FNDA:0,yd
FNDA:0,(anonymous_380)
FNDA:0,(anonymous_381)
FNDA:0,zd
FNDA:0,(anonymous_383)
FNDA:0,Ad
FNDA:0,(anonymous_385)
FNDA:0,Jf
FNDA:0,(anonymous_387)
FNDA:0,(anonymous_388)
FNDA:0,(anonymous_389)
FNDA:0,n
FNDA:0,c
FNDA:0,d
FNDA:0,(anonymous_393)
FNDA:0,f
FNDA:0,(anonymous_395)
FNDA:0,(anonymous_396)
FNDA:0,(anonymous_397)
FNDA:0,(anonymous_398)
FNDA:0,(anonymous_399)
FNDA:0,t
FNDA:0,e
FNDA:0,(anonymous_402)
FNDA:0,(anonymous_403)
FNDA:0,d
FNDA:0,k
FNDA:0,g
FNDA:0,m
FNDA:0,t
FNDA:0,J
FNDA:0,s
FNDA:0,C
FNDA:0,(anonymous_412)
FNDA:0,(anonymous_413)
FNDA:0,(anonymous_414)
FNDA:0,(anonymous_415)
FNDA:0,(anonymous_416)
FNDA:0,(anonymous_417)
FNDA:0,(anonymous_418)
FNDA:0,(anonymous_419)
FNDA:0,Nf
FNDA:0,(anonymous_421)
FNDA:0,(anonymous_422)
FNDA:0,Mf
FNDA:0,(anonymous_424)
FNDA:0,Eg
FNDA:0,f
FNDA:0,(anonymous_427)
FNDA:0,(anonymous_428)
FNDA:0,w
FNDA:0,V
FNDA:0,(anonymous_431)
FNDA:0,(anonymous_432)
FNDA:0,(anonymous_433)
FNDA:0,(anonymous_434)
FNDA:0,(anonymous_435)
FNDA:0,(anonymous_436)
FNDA:0,(anonymous_437)
FNDA:0,(anonymous_438)
FNDA:0,(anonymous_439)
FNDA:0,(anonymous_440)
FNDA:0,Hf
FNDA:0,(anonymous_442)
FNDA:0,(anonymous_443)
FNDA:0,(anonymous_444)
FNDA:0,f
FNDA:0,g
FNDA:0,k
FNDA:0,(anonymous_448)
FNDA:0,h
FNDA:0,V
FNDA:0,(anonymous_451)
FNDA:0,(anonymous_452)
FNDA:0,(anonymous_453)
FNDA:0,(anonymous_454)
FNDA:0,(anonymous_455)
FNDA:0,(anonymous_456)
FNDA:0,(anonymous_457)
FNDA:0,If
FNDA:0,(anonymous_459)
FNDA:0,f
FNDA:0,p
FNDA:0,(anonymous_462)
FNDA:0,(anonymous_463)
FNDA:0,xc
FNDA:0,Bd
FNDA:0,Cd
FNDA:0,yc
FNDA:0,qa
FNDA:0,Da
FNDA:0,lb
FNDA:0,zc
FNDA:0,(anonymous_472)
FNDA:0,(anonymous_473)
FNDA:0,(anonymous_474)
FNDA:0,Ac
FNDA:0,(anonymous_476)
FNDA:0,(anonymous_477)
FNDA:0,(anonymous_478)
FNDA:0,Dd
FNDA:0,(anonymous_480)
FNDA:0,(anonymous_481)
FNDA:0,Mb
FNDA:0,(anonymous_483)
FNDA:0,Ed
FNDA:0,(anonymous_485)
FNDA:0,Pf
FNDA:0,(anonymous_487)
FNDA:0,(anonymous_488)
FNDA:0,(anonymous_489)
FNDA:0,k
FNDA:0,h
FNDA:0,(anonymous_492)
FNDA:0,(anonymous_493)
FNDA:0,(anonymous_494)
FNDA:0,(anonymous_495)
FNDA:0,(anonymous_496)
FNDA:0,Qf
FNDA:0,(anonymous_498)
FNDA:0,(anonymous_499)
FNDA:0,c
FNDA:0,e
FNDA:0,(anonymous_502)
FNDA:0,(anonymous_503)
FNDA:0,(anonymous_504)
FNDA:0,(anonymous_505)
FNDA:0,Ig
FNDA:0,Jg
FNDA:0,Fd
FNDA:0,Kg
FNDA:0,S
FNDA:0,(anonymous_511)
FNDA:0,(anonymous_512)
FNDA:0,(anonymous_513)
FNDA:0,(anonymous_514)
FNDA:0,Hd
FNDA:0,Id
FNDA:0,Jd
FNDA:0,Kd
FNDA:0,Ld
FNDA:0,Nb
FNDA:0,Bc
FNDA:0,Rf
FNDA:0,(anonymous_523)
FNDA:0,(anonymous_524)
FNDA:0,(anonymous_525)
FNDA:0,f
FNDA:0,g
FNDA:0,k
FNDA:0,(anonymous_529)
FNDA:0,(anonymous_530)
FNDA:0,h
FNDA:0,f
FNDA:0,g
FNDA:0,l
FNDA:0,(anonymous_535)
FNDA:0,m
FNDA:0,(anonymous_537)
FNDA:0,p
FNDA:0,n
FNDA:0,c
FNDA:0,t
FNDA:0,(anonymous_542)
FNDA:0,(anonymous_543)
FNDA:0,(anonymous_544)
FNDA:0,(anonymous_545)
FNDA:0,Tf
FNDA:0,(anonymous_547)
FNDA:0,(anonymous_548)
FNDA:0,(anonymous_549)
FNDA:0,Uf
FNDA:0,(anonymous_551)
FNDA:0,(anonymous_552)
FNDA:0,(anonymous_553)
FNDA:0,Md
FNDA:0,c
FNDA:0,e
FNDA:0,(anonymous_557)
FNDA:0,(anonymous_558)
FNDA:0,(anonymous_559)
FNDA:0,f
FNDA:0,g
FNDA:0,k
FNDA:0,(anonymous_563)
FNDA:0,h
FNDA:0,l
FNDA:0,c
FNDA:0,d
FNDA:0,e
FNDA:0,m
FNDA:0,p
FNDA:0,n
FNDA:0,(anonymous_572)
FNDA:0,t
FNDA:0,s
FNDA:0,(anonymous_575)
FNDA:0,C
FNDA:0,w
FNDA:0,(anonymous_578)
FNDA:0,(anonymous_579)
FNDA:0,(anonymous_580)
FNDA:0,(anonymous_581)
FNDA:0,(anonymous_582)
FNDA:0,(anonymous_583)
FNDA:0,(anonymous_584)
FNDA:0,(anonymous_585)
FNDA:0,(anonymous_586)
FNDA:0,(anonymous_587)
FNDA:0,(anonymous_588)
FNDA:0,(anonymous_589)
FNDA:0,(anonymous_590)
FNDA:0,cg
FNDA:0,(anonymous_592)
FNDA:0,(anonymous_593)
FNDA:0,(anonymous_594)
FNDA:0,(anonymous_595)
FNDA:0,(anonymous_596)
FNDA:0,Sf
FNDA:0,a
FNDA:0,b
FNDA:0,(anonymous_600)
FNDA:0,(anonymous_601)
FNDA:0,h
FNDA:0,l
FNDA:0,m
FNDA:0,p
FNDA:0,n
FNDA:0,t
FNDA:0,s
FNDA:0,C
FNDA:0,w
FNDA:0,(anonymous_611)
FNDA:0,(anonymous_612)
FNDA:0,(anonymous_613)
FNDA:0,(anonymous_614)
FNDA:0,(anonymous_615)
FNDA:0,c
FNDA:0,(anonymous_617)
FNDA:0,(anonymous_618)
FNDA:0,(anonymous_619)
FNDA:0,(anonymous_620)
FNDA:0,(anonymous_621)
FNDA:0,(anonymous_622)
FNDA:0,(anonymous_623)
FNDA:0,c
FNDA:0,(anonymous_625)
FNDA:0,(anonymous_626)
FNDA:0,(anonymous_627)
FNDA:0,(anonymous_628)
FNDA:0,(anonymous_629)
FNDA:0,(anonymous_630)
FNDA:0,(anonymous_631)
FNDA:0,(anonymous_632)
FNDA:0,(anonymous_633)
FNDA:0,(anonymous_634)
FNDA:0,(anonymous_635)
FNDA:0,(anonymous_636)
FNDA:0,(anonymous_637)
FNDA:0,b
FNDA:0,(anonymous_639)
FNDA:0,(anonymous_640)
FNDA:0,(anonymous_641)
FNDA:0,(anonymous_642)
FNDA:0,(anonymous_643)
FNDA:0,(anonymous_644)
FNDA:0,(anonymous_645)
FNDA:0,Je
FNDA:0,(anonymous_647)
FNDA:0,(anonymous_648)
FNDA:0,(anonymous_649)
FNDA:0,(anonymous_650)
FNDA:0,Mg
FNDA:0,Od
FNDA:0,(anonymous_653)
FNDA:0,Wf
FNDA:0,(anonymous_655)
FNDA:0,(anonymous_656)
FNDA:0,(anonymous_657)
FNDA:0,e
FNDA:0,f
FNDA:0,(anonymous_660)
FNDA:0,(anonymous_661)
FNDA:0,(anonymous_662)
FNDA:0,(anonymous_663)
FNDA:0,(anonymous_664)
FNDA:0,(anonymous_665)
FNDA:0,(anonymous_666)
FNDA:0,(anonymous_667)
FNDA:0,Vf
FNDA:0,(anonymous_669)
FNDA:0,(anonymous_670)
FNDA:0,(anonymous_671)
FNDA:0,(anonymous_672)
FNDA:0,(anonymous_673)
FNDA:0,(anonymous_674)
FNDA:0,(anonymous_675)
FNDA:0,(anonymous_676)
FNDA:0,(anonymous_677)
FNDA:0,(anonymous_678)
FNDA:0,Xf
FNDA:0,(anonymous_680)
FNDA:0,(anonymous_681)
FNDA:0,Zf
FNDA:0,(anonymous_683)
FNDA:0,(anonymous_684)
FNDA:0,g
FNDA:0,(anonymous_686)
FNDA:0,(anonymous_687)
FNDA:0,(anonymous_688)
FNDA:0,(anonymous_689)
FNDA:0,$f
FNDA:0,(anonymous_691)
FNDA:0,(anonymous_692)
FNDA:0,(anonymous_693)
FNDA:0,(anonymous_694)
FNDA:0,(anonymous_695)
FNDA:0,(anonymous_696)
FNDA:0,(anonymous_697)
FNDA:0,(anonymous_698)
FNDA:0,ag
FNDA:0,(anonymous_700)
FNDA:0,f
FNDA:0,(anonymous_702)
FNDA:0,(anonymous_703)
FNDA:0,oa
FNDA:0,Dg
FNDA:0,(anonymous_706)
FNDA:0,Cc
FNDA:0,bg
FNDA:0,Qd
FNDA:0,b
FNDA:0,(anonymous_711)
FNDA:0,fg
FNDA:0,ed
FNDA:0,b
FNDA:0,(anonymous_715)
FNDA:0,(anonymous_716)
FNDA:0,(anonymous_717)
FNDA:0,Pg
FNDA:0,(anonymous_719)
FNDA:0,Ug
FNDA:0,(anonymous_721)
FNDA:0,(anonymous_722)
FNDA:0,Ea
FNDA:0,(anonymous_724)
FNDA:0,Ec
FNDA:0,Rd
FNDA:0,(anonymous_727)
FNDA:0,Td
FNDA:0,(anonymous_729)
FNDA:0,Vg
FNDA:0,Wg
FNDA:0,(anonymous_732)
FNDA:0,Vd
FNDA:0,(anonymous_734)
FNDA:0,Pb
FNDA:0,X
FNDA:0,(anonymous_737)
FNDA:0,mb
FNDA:0,(anonymous_739)
FNDA:0,Yd
FNDA:0,Zd
FNDA:0,(anonymous_742)
FNDA:0,Gc
FNDA:0,Sd
FNDA:0,b
FNDA:0,(anonymous_746)
FNDA:0,(anonymous_747)
FNDA:0,Qg
FNDA:0,(anonymous_749)
FNDA:0,Rg
FNDA:0,(anonymous_751)
FNDA:0,Hc
FNDA:0,Ud
FNDA:0,b
FNDA:0,(anonymous_755)
FNDA:0,(anonymous_756)
FNDA:0,d
FNDA:0,c
FNDA:0,(anonymous_759)
FNDA:0,(anonymous_760)
FNDA:0,(anonymous_761)
FNDA:0,(anonymous_762)
FNDA:0,(anonymous_763)
FNDA:0,Wa
FNDA:0,Qb
FNDA:0,$d
FNDA:0,be
FNDA:0,b
FNDA:0,d
FNDA:0,(anonymous_770)
FNDA:0,ce
FNDA:0,Ic
FNDA:0,(anonymous_773)
FNDA:0,Xa
FNDA:0,(anonymous_775)
FNDA:0,(anonymous_776)
FNDA:0,(anonymous_777)
FNDA:0,(anonymous_778)
FNDA:0,(anonymous_779)
FNDA:0,(anonymous_780)
FNDA:0,(anonymous_781)
FNDA:0,(anonymous_782)
FNDA:0,(anonymous_783)
FNDA:0,(anonymous_784)
FNDA:0,Rb
FNDA:0,(anonymous_786)
FNDA:0,(anonymous_787)
FNDA:0,pb
FNDA:0,(anonymous_789)
FNDA:0,p
FNDA:0,n
FNDA:0,t
FNDA:0,(anonymous_793)
FNDA:0,(anonymous_794)
FNDA:0,(anonymous_795)
FNDA:0,(anonymous_796)
FNDA:0,(anonymous_797)
FNDA:0,(anonymous_798)
FNDA:0,Jc
FNDA:0,(anonymous_800)
FNDA:0,ee
FNDA:0,(anonymous_802)
FNDA:0,(anonymous_803)
FNDA:0,Ya
FNDA:0,Kc
FNDA:0,fe
FNDA:0,ge
FNDA:0,Lc
FNDA:0,d
FNDA:0,c
FNDA:0,(anonymous_811)
FNDA:0,(anonymous_812)
FNDA:0,(anonymous_813)
FNDA:0,l
FNDA:0,(anonymous_815)
FNDA:0,m
FNDA:0,(anonymous_817)
FNDA:0,(anonymous_818)
FNDA:0,Sb
FNDA:0,bh
FNDA:0,(anonymous_821)
FNDA:0,Mc
FNDA:0,he
FNDA:0,(anonymous_824)
FNDA:0,Fa
FNDA:0,(anonymous_826)
FNDA:0,(anonymous_827)
FNDA:0,(anonymous_828)
FNDA:0,(anonymous_829)
FNDA:0,(anonymous_830)
FNDA:0,(anonymous_831)
FNDA:0,(anonymous_832)
FNDA:0,(anonymous_833)
FNDA:0,(anonymous_834)
FNDA:0,(anonymous_835)
FNDA:0,(anonymous_836)
FNDA:0,(anonymous_837)
FNDA:0,(anonymous_838)
FNDA:0,(anonymous_839)
FNDA:0,(anonymous_840)
FNDA:0,(anonymous_841)
FNDA:0,(anonymous_842)
FNDA:0,(anonymous_843)
FNDA:0,(anonymous_844)
FNDA:0,(anonymous_845)
FNDA:0,(anonymous_846)
FNDA:0,(anonymous_847)
FNDA:0,(anonymous_848)
FNDA:0,(anonymous_849)
FNDA:0,(anonymous_850)
FNDA:0,(anonymous_851)
FNDA:0,(anonymous_852)
FNDA:0,a
FNDA:0,(anonymous_854)
FNDA:0,(anonymous_855)
FNDA:0,(anonymous_856)
FNDA:0,(anonymous_857)
FNDA:0,(anonymous_858)
FNDA:0,(anonymous_859)
FNDA:0,(anonymous_860)
FNDA:0,e
FNDA:0,(anonymous_862)
FNDA:0,(anonymous_863)
FNDA:0,(anonymous_864)
FNDA:0,(anonymous_865)
FNDA:0,(anonymous_866)
FNDA:0,(anonymous_867)
FNDA:0,(anonymous_868)
FNDA:0,(anonymous_869)
FNDA:0,(anonymous_870)
FNDA:0,(anonymous_871)
FNDA:0,(anonymous_872)
FNDA:0,(anonymous_873)
FNDA:0,(anonymous_874)
FNDA:0,(anonymous_875)
FNDA:0,(anonymous_876)
FNDA:0,(anonymous_877)
FNDA:0,(anonymous_878)
FNDA:0,(anonymous_879)
FNDA:0,(anonymous_880)
FNDA:0,(anonymous_881)
FNDA:0,(anonymous_882)
FNDA:0,(anonymous_883)
FNDA:0,(anonymous_884)
FNDA:0,(anonymous_885)
FNDA:0,(anonymous_886)
FNDA:0,(anonymous_887)
FNDA:0,(anonymous_888)
FNDA:0,(anonymous_889)
FNDA:0,(anonymous_890)
FNDA:0,(anonymous_891)
FNDA:0,(anonymous_892)
FNDA:0,(anonymous_893)
FNDA:0,(anonymous_894)
FNDA:0,(anonymous_895)
FNDA:0,(anonymous_896)
FNDA:0,(anonymous_897)
FNDA:0,(anonymous_898)
FNDA:0,e
FNDA:0,(anonymous_900)
FNDA:0,f
FNDA:0,(anonymous_902)
FNDA:0,(anonymous_903)
FNDA:0,(anonymous_904)
FNDA:0,(anonymous_905)
FNDA:0,(anonymous_906)
FNDA:0,(anonymous_907)
FNDA:0,(anonymous_908)
FNDA:0,(anonymous_909)
FNDA:0,(anonymous_910)
FNDA:0,b
FNDA:0,(anonymous_912)
FNDA:0,(anonymous_913)
FNDA:0,(anonymous_914)
FNDA:0,(anonymous_915)
FNDA:0,(anonymous_916)
FNDA:0,(anonymous_917)
FNDA:0,(anonymous_918)
FNDA:0,(anonymous_919)
FNDA:0,(anonymous_920)
FNDA:0,(anonymous_921)
FNDA:0,(anonymous_922)
FNDA:0,b
FNDA:0,(anonymous_924)
FNDA:0,(anonymous_925)
FNDA:0,(anonymous_926)
FNDA:0,(anonymous_927)
FNDA:0,(anonymous_928)
FNDA:0,(anonymous_929)
FNDA:0,f
FNDA:0,(anonymous_931)
FNDA:0,(anonymous_932)
FNDA:0,c
FNDA:0,(anonymous_934)
FNDA:0,(anonymous_935)
FNDA:0,c
FNDA:0,(anonymous_937)
FNDA:0,(anonymous_938)
FNDA:0,(anonymous_939)
FNDA:0,(anonymous_940)
FNDA:0,(anonymous_941)
FNDA:0,(anonymous_942)
FNDA:0,(anonymous_943)
FNDA:0,(anonymous_944)
FNDA:0,(anonymous_945)
FNDA:0,(anonymous_946)
FNDA:0,(anonymous_947)
FNDA:0,(anonymous_948)
FNDA:0,(anonymous_949)
FNDA:0,(anonymous_950)
FNDA:0,(anonymous_951)
FNDA:0,(anonymous_952)
FNDA:0,(anonymous_953)
FNDA:0,(anonymous_954)
FNDA:0,(anonymous_955)
FNDA:0,(anonymous_956)
FNDA:0,f
FNDA:0,(anonymous_958)
FNDA:0,(anonymous_959)
FNDA:0,(anonymous_960)
FNDA:0,(anonymous_961)
FNDA:0,(anonymous_962)
FNDA:0,(anonymous_963)
FNDA:0,(anonymous_964)
FNDA:0,(anonymous_965)
FNDA:0,(anonymous_966)
FNDA:0,(anonymous_967)
FNDA:0,a
FNDA:0,(anonymous_969)
FNDA:0,(anonymous_970)
FNDA:0,(anonymous_971)
FNDA:0,(anonymous_972)
FNDA:0,(anonymous_973)
FNDA:0,(anonymous_974)
FNDA:0,(anonymous_975)
FNDA:0,(anonymous_976)
FNDA:0,(anonymous_977)
FNDA:0,(anonymous_978)
FNDA:0,(anonymous_979)
FNDA:0,(anonymous_980)
FNDA:0,(anonymous_981)
FNDA:0,(anonymous_982)
FNDA:0,(anonymous_983)
FNDA:0,(anonymous_984)
FNDA:0,(anonymous_985)
FNDA:0,(anonymous_986)
FNDA:0,(anonymous_987)
FNDA:0,(anonymous_988)
FNDA:0,(anonymous_989)
FNDA:0,(anonymous_990)
FNDA:0,(anonymous_991)
FNDA:0,(anonymous_992)
FNDA:0,(anonymous_993)
FNDA:0,(anonymous_994)
FNDA:0,(anonymous_995)
FNDA:0,(anonymous_996)
FNDA:0,(anonymous_997)
FNDA:0,(anonymous_998)
FNDA:0,(anonymous_999)
FNDA:0,(anonymous_1000)
FNDA:0,(anonymous_1001)
FNDA:0,(anonymous_1002)
FNDA:0,(anonymous_1003)
FNDA:0,(anonymous_1004)
FNDA:0,(anonymous_1005)
FNDA:0,(anonymous_1006)
FNDA:0,(anonymous_1007)
FNDA:0,(anonymous_1008)
FNDA:0,(anonymous_1009)
FNDA:0,(anonymous_1010)
FNDA:0,(anonymous_1011)
FNDA:0,(anonymous_1012)
FNDA:0,(anonymous_1013)
FNDA:0,(anonymous_1014)
FNDA:0,(anonymous_1015)
FNDA:0,(anonymous_1016)
FNDA:0,(anonymous_1017)
FNDA:0,(anonymous_1018)
FNDA:0,(anonymous_1019)
FNDA:0,(anonymous_1020)
FNDA:0,(anonymous_1021)
FNDA:0,(anonymous_1022)
FNDA:0,(anonymous_1023)
FNDA:0,(anonymous_1024)
FNDA:0,(anonymous_1025)
FNDA:0,(anonymous_1026)
FNDA:0,(anonymous_1027)
FNDA:0,(anonymous_1028)
FNDA:0,(anonymous_1029)
FNDA:0,(anonymous_1030)
FNDA:0,(anonymous_1031)
FNDA:0,(anonymous_1032)
FNDA:0,(anonymous_1033)
FNDA:0,(anonymous_1034)
FNDA:0,(anonymous_1035)
FNDA:0,(anonymous_1036)
FNDA:0,(anonymous_1037)
FNDA:0,(anonymous_1038)
FNDA:0,(anonymous_1039)
FNDA:0,(anonymous_1040)
FNDA:0,(anonymous_1041)
FNDA:0,(anonymous_1042)
FNDA:0,(anonymous_1043)
FNDA:0,(anonymous_1044)
FNDA:0,(anonymous_1045)
FNDA:0,(anonymous_1046)
FNDA:0,(anonymous_1047)
FNDA:0,(anonymous_1048)
FNDA:0,(anonymous_1049)
FNDA:0,(anonymous_1050)
FNDA:0,(anonymous_1051)
FNDA:0,(anonymous_1052)
FNDA:0,(anonymous_1053)
FNDA:0,(anonymous_1054)
FNDA:0,(anonymous_1055)
FNDA:0,(anonymous_1056)
FNDA:0,(anonymous_1057)
FNDA:0,(anonymous_1058)
FNDA:0,(anonymous_1059)
FNDA:0,(anonymous_1060)
FNDA:0,(anonymous_1061)
FNDA:0,(anonymous_1062)
FNDA:0,(anonymous_1063)
FNDA:0,(anonymous_1064)
FNDA:0,(anonymous_1065)
FNDA:0,(anonymous_1066)
FNDA:0,(anonymous_1067)
FNDA:0,(anonymous_1068)
FNDA:0,(anonymous_1069)
FNDA:0,(anonymous_1070)
FNDA:0,(anonymous_1071)
FNDA:0,(anonymous_1072)
FNDA:0,(anonymous_1073)
FNDA:0,(anonymous_1074)
FNDA:0,(anonymous_1075)
FNDA:0,(anonymous_1076)
FNDA:0,(anonymous_1077)
FNDA:0,(anonymous_1078)
FNDA:0,(anonymous_1079)
FNDA:0,(anonymous_1080)
FNDA:0,(anonymous_1081)
FNDA:0,(anonymous_1082)
FNDA:0,(anonymous_1083)
FNDA:0,(anonymous_1084)
FNDA:0,(anonymous_1085)
FNDA:0,(anonymous_1086)
FNDA:0,(anonymous_1087)
FNDA:0,(anonymous_1088)
FNDA:0,(anonymous_1089)
FNDA:0,(anonymous_1090)
FNDA:0,(anonymous_1091)
FNDA:0,(anonymous_1092)
FNDA:0,(anonymous_1093)
FNDA:0,(anonymous_1094)
FNDA:0,(anonymous_1095)
FNDA:0,(anonymous_1096)
FNDA:0,(anonymous_1097)
FNDA:0,(anonymous_1098)
FNDA:0,(anonymous_1099)
FNDA:0,(anonymous_1100)
FNDA:0,(anonymous_1101)
FNDA:0,(anonymous_1102)
FNDA:0,(anonymous_1103)
FNDA:0,(anonymous_1104)
FNDA:0,(anonymous_1105)
FNDA:0,(anonymous_1106)
FNDA:0,(anonymous_1107)
FNDA:0,(anonymous_1108)
FNDA:0,(anonymous_1109)
FNDA:0,(anonymous_1110)
FNDA:0,(anonymous_1111)
FNDA:0,(anonymous_1112)
FNDA:0,(anonymous_1113)
FNDA:0,(anonymous_1114)
FNDA:0,(anonymous_1115)
FNDA:0,(anonymous_1116)
FNDA:0,(anonymous_1117)
FNDA:0,(anonymous_1118)
FNDA:0,(anonymous_1119)
FNDA:0,(anonymous_1120)
FNDA:0,(anonymous_1121)
FNDA:0,(anonymous_1122)
FNDA:0,(anonymous_1123)
FNDA:0,(anonymous_1124)
FNDA:0,(anonymous_1125)
FNDA:0,(anonymous_1126)
FNDA:0,(anonymous_1127)
FNDA:0,(anonymous_1128)
FNDA:0,(anonymous_1129)
FNDA:0,(anonymous_1130)
FNDA:0,(anonymous_1131)
FNDA:0,(anonymous_1132)
FNDA:0,(anonymous_1133)
FNDA:0,(anonymous_1134)
FNDA:0,(anonymous_1135)
FNDA:0,(anonymous_1136)
FNDA:0,(anonymous_1137)
FNDA:0,(anonymous_1138)
FNDA:0,(anonymous_1139)
FNDA:0,(anonymous_1140)
FNDA:0,(anonymous_1141)
FNDA:0,(anonymous_1142)
FNDA:0,(anonymous_1143)
FNDA:0,(anonymous_1144)
FNDA:0,(anonymous_1145)
FNDA:0,(anonymous_1146)
FNDA:0,(anonymous_1147)
FNDA:0,(anonymous_1148)
FNDA:0,(anonymous_1149)
FNDA:0,(anonymous_1150)
FNDA:0,(anonymous_1151)
FNDA:0,(anonymous_1152)
FNDA:0,(anonymous_1153)
FNDA:0,(anonymous_1154)
FNDA:0,(anonymous_1155)
FNDA:0,(anonymous_1156)
FNDA:0,(anonymous_1157)
FNDA:0,(anonymous_1158)
FNDA:0,(anonymous_1159)
FNDA:0,d
FNDA:0,(anonymous_1161)
FNDA:0,(anonymous_1162)
FNDA:0,(anonymous_1163)
FNDA:0,(anonymous_1164)
FNDA:0,(anonymous_1165)
FNDA:0,(anonymous_1166)
FNDA:0,(anonymous_1167)
FNDA:0,(anonymous_1168)
FNDA:0,(anonymous_1169)
FNDA:0,(anonymous_1170)
FNDA:0,(anonymous_1171)
FNDA:0,(anonymous_1172)
FNDA:0,(anonymous_1173)
FNDA:0,(anonymous_1174)
FNDA:0,(anonymous_1175)
FNDA:0,(anonymous_1176)
FNDA:0,(anonymous_1177)
FNDA:0,(anonymous_1178)
FNDA:0,(anonymous_1179)
FNDA:0,(anonymous_1180)
FNDA:0,(anonymous_1181)
FNDA:0,(anonymous_1182)
FNDA:0,(anonymous_1183)
FNDA:0,(anonymous_1184)
FNDA:0,(anonymous_1185)
FNDA:0,(anonymous_1186)
FNDA:0,(anonymous_1187)
FNDA:0,(anonymous_1188)
FNDA:0,(anonymous_1189)
FNDA:0,(anonymous_1190)
FNDA:0,(anonymous_1191)
FNDA:0,(anonymous_1192)
FNDA:0,(anonymous_1193)
FNDA:0,(anonymous_1194)
FNDA:0,c
FNDA:0,(anonymous_1196)
FNDA:0,(anonymous_1197)
FNDA:0,(anonymous_1198)
FNDA:0,(anonymous_1199)
FNDA:0,(anonymous_1200)
FNDA:0,(anonymous_1201)
FNDA:0,(anonymous_1202)
FNDA:0,(anonymous_1203)
FNDA:0,(anonymous_1204)
FNDA:0,(anonymous_1205)
FNDA:0,(anonymous_1206)
FNDA:0,(anonymous_1207)
FNDA:0,(anonymous_1208)
FNDA:0,(anonymous_1209)
FNDA:0,(anonymous_1210)
FNDA:0,(anonymous_1211)
FNDA:0,(anonymous_1212)
FNDA:0,(anonymous_1213)
FNDA:0,(anonymous_1214)
FNDA:0,(anonymous_1215)
FNDA:0,(anonymous_1216)
FNDA:0,(anonymous_1217)
FNDA:0,(anonymous_1218)
FNDA:0,(anonymous_1219)
FNDA:0,(anonymous_1220)
FNDA:0,(anonymous_1221)
FNDA:0,g
FNDA:0,k
FNDA:0,h
FNDA:0,l
FNDA:0,(anonymous_1226)
FNDA:0,(anonymous_1227)
FNDA:0,(anonymous_1228)
FNDA:0,(anonymous_1229)
FNDA:0,(anonymous_1230)
FNDA:0,(anonymous_1231)
FNDA:0,(anonymous_1232)
FNDA:0,(anonymous_1233)
FNDA:0,(anonymous_1234)
FNDA:0,(anonymous_1235)
FNDA:0,(anonymous_1236)
FNDA:0,(anonymous_1237)
FNDA:0,(anonymous_1238)
FNDA:0,(anonymous_1239)
FNDA:0,(anonymous_1240)
FNDA:0,(anonymous_1241)
FNDA:0,a
FNDA:0,(anonymous_1243)
FNDA:0,(anonymous_1244)
FNDA:0,(anonymous_1245)
FNDA:0,(anonymous_1246)
FNDA:0,(anonymous_1247)
FNDA:0,(anonymous_1248)
FNDA:0,(anonymous_1249)
FNDA:0,(anonymous_1250)
FNDA:0,(anonymous_1251)
FNDA:0,(anonymous_1252)
FNDA:0,(anonymous_1253)
FNDA:0,(anonymous_1254)
FNDA:0,(anonymous_1255)
FNDA:0,(anonymous_1256)
FNDA:0,(anonymous_1257)
FNDA:0,(anonymous_1258)
FNDA:0,(anonymous_1259)
FNDA:0,(anonymous_1260)
FNDA:0,(anonymous_1261)
FNDA:0,(anonymous_1262)
FNDA:0,(anonymous_1263)
FNDA:0,(anonymous_1264)
FNDA:0,(anonymous_1265)
FNDA:0,(anonymous_1266)
FNDA:0,(anonymous_1267)
FNDA:0,(anonymous_1268)
FNDA:0,(anonymous_1269)
FNDA:0,(anonymous_1270)
FNDA:0,(anonymous_1271)
FNDA:0,(anonymous_1272)
FNDA:0,(anonymous_1273)
FNDA:0,(anonymous_1274)
FNDA:0,(anonymous_1275)
FNDA:0,(anonymous_1276)
FNDA:0,(anonymous_1277)
FNDA:0,(anonymous_1278)
FNDA:0,(anonymous_1279)
FNDA:0,(anonymous_1280)
FNDA:0,(anonymous_1281)
FNDA:0,(anonymous_1282)
FNDA:0,(anonymous_1283)
FNDA:0,(anonymous_1284)
FNDA:0,(anonymous_1285)
FNDA:0,(anonymous_1286)
FNDA:0,(anonymous_1287)
FNDA:0,(anonymous_1288)
FNDA:0,(anonymous_1289)
FNDA:0,(anonymous_1290)
FNDA:0,(anonymous_1291)
FNDA:0,(anonymous_1292)
FNDA:0,(anonymous_1293)
FNDA:0,(anonymous_1294)
FNDA:0,(anonymous_1295)
FNDA:0,(anonymous_1296)
FNDA:0,(anonymous_1297)
FNDA:0,(anonymous_1298)
FNDA:0,(anonymous_1299)
FNDA:0,(anonymous_1300)
FNDA:0,(anonymous_1301)
FNDA:0,(anonymous_1302)
FNDA:0,(anonymous_1303)
FNDA:0,(anonymous_1304)
FNDA:0,(anonymous_1305)
FNDA:0,(anonymous_1306)
FNDA:0,(anonymous_1307)
FNDA:0,(anonymous_1308)
FNDA:0,c
FNDA:0,(anonymous_1310)
FNDA:0,(anonymous_1311)
FNDA:0,e
FNDA:0,(anonymous_1313)
FNDA:0,(anonymous_1314)
FNDA:0,(anonymous_1315)
FNDA:0,(anonymous_1316)
FNDA:0,f
FNDA:0,g
FNDA:0,(anonymous_1319)
FNDA:0,(anonymous_1320)
FNDA:0,(anonymous_1321)
FNDA:0,(anonymous_1322)
FNDA:0,(anonymous_1323)
FNDA:0,(anonymous_1324)
FNDA:0,(anonymous_1325)
FNDA:0,(anonymous_1326)
FNDA:0,(anonymous_1327)
FNDA:0,(anonymous_1328)
FNDA:0,(anonymous_1329)
FNDA:0,(anonymous_1330)
FNDA:0,(anonymous_1331)
FNDA:0,(anonymous_1332)
FNDA:0,(anonymous_1333)
FNDA:0,(anonymous_1334)
FNDA:0,(anonymous_1335)
FNDA:0,(anonymous_1336)
FNDA:0,(anonymous_1337)
FNDA:0,(anonymous_1338)
FNDA:0,(anonymous_1339)
FNDA:0,(anonymous_1340)
FNDA:0,(anonymous_1341)
FNDA:0,(anonymous_1342)
FNDA:0,(anonymous_1343)
FNDA:0,(anonymous_1344)
FNDA:0,g
FNDA:0,(anonymous_1346)
FNDA:0,(anonymous_1347)
FNDA:0,(anonymous_1348)
FNDA:0,(anonymous_1349)
FNDA:0,(anonymous_1350)
FNDA:0,(anonymous_1351)
FNDA:0,a
FNDA:0,(anonymous_1353)
FNDA:0,(anonymous_1354)
FNDA:0,c
FNDA:0,e
FNDA:0,f
FNDA:0,(anonymous_1358)
FNDA:0,(anonymous_1359)
FNDA:0,(anonymous_1360)
FNDA:0,(anonymous_1361)
FNDA:0,(anonymous_1362)
FNDA:0,(anonymous_1363)
FNDA:0,(anonymous_1364)
FNDA:0,(anonymous_1365)
FNDA:0,(anonymous_1366)
FNDA:0,(anonymous_1367)
FNDA:0,(anonymous_1368)
FNDA:0,m
FNDA:0,p
FNDA:0,(anonymous_1371)
FNDA:0,(anonymous_1372)
FNDA:0,(anonymous_1373)
FNDA:0,(anonymous_1374)
FNDA:0,(anonymous_1375)
FNDA:0,(anonymous_1376)
FNDA:0,(anonymous_1377)
FNDA:0,(anonymous_1378)
FNDA:0,(anonymous_1379)
FNDA:0,(anonymous_1380)
FNDA:0,(anonymous_1381)
FNDA:0,(anonymous_1382)
FNDA:0,(anonymous_1383)
FNDA:0,(anonymous_1384)
FNDA:0,(anonymous_1385)
FNDA:0,(anonymous_1386)
FNDA:0,(anonymous_1387)
FNDA:0,(anonymous_1388)
FNDA:0,h
FNDA:0,(anonymous_1390)
FNDA:0,(anonymous_1391)
FNDA:0,(anonymous_1392)
FNDA:0,(anonymous_1393)
FNDA:0,(anonymous_1394)
FNDA:0,(anonymous_1395)
FNDA:0,(anonymous_1396)
FNDA:0,(anonymous_1397)
FNDA:0,(anonymous_1398)
FNDA:0,(anonymous_1399)
FNDA:0,(anonymous_1400)
FNDA:0,(anonymous_1401)
FNDA:0,(anonymous_1402)
FNDA:0,(anonymous_1403)
FNDA:0,(anonymous_1404)
FNDA:0,(anonymous_1405)
FNDA:0,(anonymous_1406)
FNDA:0,(anonymous_1407)
FNDA:0,(anonymous_1408)
FNDA:0,(anonymous_1409)
FNDA:0,(anonymous_1410)
FNDA:0,(anonymous_1411)
FNDA:0,(anonymous_1412)
FNDA:0,(anonymous_1413)
FNDA:0,(anonymous_1414)
FNDA:0,(anonymous_1415)
FNDA:0,(anonymous_1416)
FNDA:0,(anonymous_1417)
FNDA:0,(anonymous_1418)
FNDA:0,(anonymous_1419)
FNDA:0,(anonymous_1420)
FNDA:0,(anonymous_1421)
FNDA:0,(anonymous_1422)
FNDA:0,(anonymous_1423)
FNDA:0,(anonymous_1424)
FNDA:0,(anonymous_1425)
FNDA:0,(anonymous_1426)
FNDA:0,(anonymous_1427)
FNDA:0,(anonymous_1428)
FNDA:0,(anonymous_1429)
FNDA:0,(anonymous_1430)
FNDA:0,(anonymous_1431)
FNDA:0,h
FNDA:0,(anonymous_1433)
FNDA:0,(anonymous_1434)
FNDA:0,(anonymous_1435)
FNDA:0,(anonymous_1436)
FNDA:0,(anonymous_1437)
FNDA:0,d
FNDA:0,(anonymous_1439)
FNDA:0,c
FNDA:0,(anonymous_1441)
FNDA:0,(anonymous_1442)
FNDA:0,(anonymous_1443)
FNDA:0,(anonymous_1444)
FNDA:0,(anonymous_1445)
FNDA:0,(anonymous_1446)
FNDA:0,(anonymous_1447)
FNDA:0,(anonymous_1448)
FNDA:0,(anonymous_1449)
FNDA:0,(anonymous_1450)
FNDA:0,(anonymous_1451)
FNDA:0,(anonymous_1452)
FNDA:0,(anonymous_1453)
FNDA:0,(anonymous_1454)
FNDA:0,(anonymous_1455)
FNDA:0,(anonymous_1456)
FNDA:0,(anonymous_1457)
FNDA:0,(anonymous_1458)
FNDA:0,(anonymous_1459)
FNDA:0,(anonymous_1460)
FNDA:0,(anonymous_1461)
FNDA:0,(anonymous_1462)
FNDA:0,(anonymous_1463)
FNDA:0,(anonymous_1464)
FNDA:0,(anonymous_1465)
FNDA:0,(anonymous_1466)
FNDA:0,(anonymous_1467)
FNDA:0,(anonymous_1468)
FNDA:0,(anonymous_1469)
FNDA:0,(anonymous_1470)
FNDA:0,(anonymous_1471)
FNDA:0,(anonymous_1472)
FNDA:0,(anonymous_1473)
FNDA:0,(anonymous_1474)
FNDA:0,(anonymous_1475)
FNDA:0,(anonymous_1476)
FNDA:0,(anonymous_1477)
FNDA:0,(anonymous_1478)
FNDA:0,(anonymous_1479)
FNDA:0,(anonymous_1480)
FNDA:0,(anonymous_1481)
FNDA:0,(anonymous_1482)
FNDA:0,(anonymous_1483)
FNDA:0,(anonymous_1484)
FNDA:0,(anonymous_1485)
FNDA:0,(anonymous_1486)
FNDA:0,(anonymous_1487)
FNDA:0,(anonymous_1488)
FNDA:0,(anonymous_1489)
FNDA:0,(anonymous_1490)
FNDA:0,(anonymous_1491)
FNDA:0,(anonymous_1492)
FNDA:0,(anonymous_1493)
FNDA:0,(anonymous_1494)
FNDA:0,(anonymous_1495)
FNDA:0,b
FNDA:0,(anonymous_1497)
FNDA:0,(anonymous_1498)
DA:6,0
DA:7,0
DA:8,0
DA:9,0
DA:10,0
DA:11,0
DA:12,0
DA:13,0
DA:14,0
DA:15,0
DA:16,0
DA:17,0
DA:18,0
DA:19,0
DA:20,0
DA:21,0
DA:22,0
DA:23,0
DA:24,0
DA:25,0
DA:26,0
DA:27,0
DA:28,0
DA:29,0
DA:30,0
DA:31,0
DA:32,0
DA:33,0
DA:34,0
DA:35,0
DA:36,0
DA:37,0
DA:38,0
DA:39,0
DA:40,0
DA:41,0
DA:42,0
DA:43,0
DA:44,0
DA:45,0
DA:46,0
DA:47,0
DA:48,0
DA:49,0
DA:50,0
DA:51,0
DA:52,0
DA:53,0
DA:54,0
DA:55,0
DA:56,0
DA:57,0
DA:58,0
DA:59,0
DA:60,0
DA:61,0
DA:62,0
DA:63,0
DA:64,0
DA:65,0
DA:66,0
DA:67,0
DA:68,0
DA:69,0
DA:70,0
DA:71,0
DA:72,0
DA:73,0
DA:74,0
DA:75,0
DA:76,0
DA:77,0
DA:78,0
DA:79,0
DA:80,0
DA:81,0
DA:82,0
DA:83,0
DA:84,0
DA:85,0
DA:86,0
DA:87,0
DA:88,0
DA:89,0
DA:90,0
DA:91,0
DA:92,0
DA:93,0
DA:94,0
DA:95,0
DA:96,0
DA:97,0
DA:98,0
DA:99,0
DA:100,0
DA:101,0
DA:102,0
DA:103,0
DA:104,0
DA:105,0
DA:106,0
DA:107,0
DA:108,0
DA:109,0
DA:110,0
DA:111,0
DA:112,0
DA:113,0
DA:114,0
DA:115,0
DA:116,0
DA:117,0
DA:118,0
DA:119,0
DA:120,0
DA:121,0
DA:122,0
DA:123,0
DA:124,0
DA:125,0
DA:126,0
DA:127,0
DA:128,0
DA:129,0
DA:130,0
DA:131,0
DA:132,0
DA:133,0
DA:134,0
DA:135,0
DA:136,0
DA:137,0
DA:138,0
DA:139,0
DA:140,0
DA:141,0
DA:142,0
DA:143,0
DA:144,0
DA:145,0
DA:146,0
DA:147,0
DA:148,0
DA:149,0
DA:150,0
DA:151,0
DA:152,0
DA:153,0
DA:154,0
DA:155,0
DA:156,0
DA:157,0
DA:158,0
DA:159,0
DA:160,0
DA:161,0
DA:162,0
DA:163,0
DA:164,0
DA:165,0
DA:166,0
DA:167,0
DA:168,0
DA:169,0
DA:170,0
DA:171,0
DA:172,0
DA:173,0
DA:174,0
DA:175,0
DA:176,0
DA:177,0
DA:178,0
DA:179,0
DA:180,0
DA:181,0
DA:182,0
DA:183,0
DA:184,0
DA:185,0
DA:186,0
DA:187,0
DA:188,0
DA:189,0
DA:190,0
DA:191,0
DA:192,0
DA:193,0
DA:194,0
DA:195,0
DA:196,0
DA:197,0
DA:198,0
DA:199,0
DA:200,0
DA:201,0
DA:202,0
DA:203,0
DA:204,0
DA:205,0
DA:206,0
DA:207,0
DA:208,0
DA:209,0
DA:210,0
DA:211,0
DA:212,0
DA:213,0
DA:214,0
DA:215,0
DA:216,0
DA:217,0
DA:218,0
DA:219,0
DA:220,0
DA:221,0
DA:222,0
DA:223,0
DA:224,0
DA:225,0
DA:226,0
DA:227,0
DA:228,0
DA:229,0
DA:230,0
DA:231,0
DA:232,0
DA:233,0
DA:234,0
DA:235,0
DA:236,0
DA:237,0
DA:238,0
DA:239,0
DA:240,0
DA:241,0
DA:242,0
DA:243,0
DA:244,0
DA:245,0
DA:246,0
DA:247,0
DA:248,0
DA:249,0
DA:250,0
DA:251,0
DA:252,0
DA:253,0
DA:254,0
DA:255,0
DA:256,0
DA:257,0
DA:258,0
DA:259,0
DA:260,0
DA:261,0
DA:262,0
DA:263,0
DA:264,0
DA:265,0
DA:266,0
DA:267,0
DA:268,0
DA:269,0
DA:270,0
DA:271,0
DA:272,0
DA:273,0
DA:274,0
DA:275,0
DA:276,0
DA:277,0
DA:278,0
DA:279,0
DA:280,0
DA:281,0
DA:282,0
DA:283,0
DA:284,0
DA:285,0
DA:286,0
DA:287,0
DA:288,0
DA:289,0
DA:290,0
DA:291,0
DA:292,0
DA:293,0
DA:294,0
DA:295,0
DA:296,0
DA:297,0
DA:298,0
DA:299,0
DA:300,0
DA:301,0
DA:302,0
DA:303,0
DA:304,0
DA:305,0
DA:306,0
DA:307,0
DA:308,0
DA:309,0
DA:310,0
DA:311,0
DA:312,0
DA:313,0
DA:314,0
DA:315,0
DA:316,0
DA:317,0
DA:318,0
DA:319,0
DA:320,0
DA:321,0
DA:322,0
DA:323,0
DA:324,0
DA:325,0
DA:326,0
DA:327,0
DA:328,0
DA:329,0
DA:330,0
DA:331,0
DA:332,0
DA:333,0
DA:334,0
DA:335,0
DA:336,0
DA:337,0
DA:338,0
DA:340,0
LF:334
LH:0
BRDA:6,0,0,0
BRDA:6,0,1,0
BRDA:6,1,0,0
BRDA:6,1,1,0
BRDA:6,2,0,0
BRDA:6,2,1,0
BRDA:6,3,0,0
BRDA:6,3,1,0
BRDA:6,3,2,0
BRDA:6,4,0,0
BRDA:6,4,1,0
BRDA:6,5,0,0
BRDA:6,5,1,0
BRDA:6,6,0,0
BRDA:6,6,1,0
BRDA:6,7,0,0
BRDA:6,7,1,0
BRDA:6,8,0,0
BRDA:6,8,1,0
BRDA:7,9,0,0
BRDA:7,9,1,0
BRDA:7,10,0,0
BRDA:7,10,1,0
BRDA:7,11,0,0
BRDA:7,11,1,0
BRDA:7,12,0,0
BRDA:7,12,1,0
BRDA:7,13,0,0
BRDA:7,13,1,0
BRDA:7,14,0,0
BRDA:7,14,1,0
BRDA:7,15,0,0
BRDA:7,15,1,0
BRDA:7,15,2,0
BRDA:7,15,3,0
BRDA:7,16,0,0
BRDA:7,16,1,0
BRDA:7,17,0,0
BRDA:7,17,1,0
BRDA:7,17,2,0
BRDA:7,17,3,0
BRDA:7,18,0,0
BRDA:7,18,1,0
BRDA:7,19,0,0
BRDA:7,19,1,0
BRDA:7,20,0,0
BRDA:7,20,1,0
BRDA:7,20,2,0
BRDA:7,20,3,0
BRDA:7,20,4,0
BRDA:7,21,0,0
BRDA:7,21,1,0
BRDA:7,22,0,0
BRDA:7,22,1,0
BRDA:8,23,0,0
BRDA:8,23,1,0
BRDA:8,23,2,0
BRDA:8,24,0,0
BRDA:8,24,1,0
BRDA:8,25,0,0
BRDA:8,25,1,0
BRDA:8,26,0,0
BRDA:8,26,1,0
BRDA:8,27,0,0
BRDA:8,27,1,0
BRDA:8,28,0,0
BRDA:8,28,1,0
BRDA:8,29,0,0
BRDA:8,29,1,0
BRDA:9,30,0,0
BRDA:9,30,1,0
BRDA:9,31,0,0
BRDA:9,31,1,0
BRDA:9,32,0,0
BRDA:9,32,1,0
BRDA:9,33,0,0
BRDA:9,33,1,0
BRDA:9,34,0,0
BRDA:9,34,1,0
BRDA:9,35,0,0
BRDA:9,35,1,0
BRDA:9,36,0,0
BRDA:9,36,1,0
BRDA:9,37,0,0
BRDA:9,37,1,0
BRDA:9,38,0,0
BRDA:9,38,1,0
BRDA:9,39,0,0
BRDA:9,39,1,0
BRDA:9,40,0,0
BRDA:9,40,1,0
BRDA:10,41,0,0
BRDA:10,41,1,0
BRDA:10,42,0,0
BRDA:10,42,1,0
BRDA:10,43,0,0
BRDA:10,43,1,0
BRDA:10,43,2,0
BRDA:11,44,0,0
BRDA:11,44,1,0
BRDA:11,45,0,0
BRDA:11,45,1,0
BRDA:11,45,2,0
BRDA:11,45,3,0
BRDA:11,46,0,0
BRDA:11,46,1,0
BRDA:11,47,0,0
BRDA:11,47,1,0
BRDA:11,47,2,0
BRDA:11,48,0,0
BRDA:11,48,1,0
BRDA:11,48,2,0
BRDA:12,49,0,0
BRDA:12,49,1,0
BRDA:12,50,0,0
BRDA:12,50,1,0
BRDA:12,50,2,0
BRDA:12,50,3,0
BRDA:12,51,0,0
BRDA:12,51,1,0
BRDA:12,51,2,0
BRDA:12,52,0,0
BRDA:12,52,1,0
BRDA:12,53,0,0
BRDA:12,53,1,0
BRDA:12,54,0,0
BRDA:12,54,1,0
BRDA:12,55,0,0
BRDA:12,55,1,0
BRDA:12,56,0,0
BRDA:12,56,1,0
BRDA:12,57,0,0
BRDA:12,57,1,0
BRDA:12,58,0,0
BRDA:12,58,1,0
BRDA:13,59,0,0
BRDA:13,59,1,0
BRDA:13,60,0,0
BRDA:13,60,1,0
BRDA:13,61,0,0
BRDA:13,61,1,0
BRDA:13,62,0,0
BRDA:13,62,1,0
BRDA:13,63,0,0
BRDA:13,63,1,0
BRDA:13,64,0,0
BRDA:13,64,1,0
BRDA:13,65,0,0
BRDA:13,65,1,0
BRDA:13,66,0,0
BRDA:13,66,1,0
BRDA:13,67,0,0
BRDA:13,67,1,0
BRDA:13,68,0,0
BRDA:13,68,1,0
BRDA:13,68,2,0
BRDA:13,68,3,0
BRDA:13,68,4,0
BRDA:13,68,5,0
BRDA:13,68,6,0
BRDA:13,68,7,0
BRDA:13,68,8,0
BRDA:13,68,9,0
BRDA:13,68,10,0
BRDA:13,68,11,0
BRDA:13,68,12,0
BRDA:13,68,13,0
BRDA:13,68,14,0
BRDA:13,68,15,0
BRDA:14,69,0,0
BRDA:14,69,1,0
BRDA:14,70,0,0
BRDA:14,70,1,0
BRDA:15,71,0,0
BRDA:15,71,1,0
BRDA:15,72,0,0
BRDA:15,72,1,0
BRDA:15,73,0,0
BRDA:15,73,1,0
BRDA:15,74,0,0
BRDA:15,74,1,0
BRDA:15,75,0,0
BRDA:15,75,1,0
BRDA:15,76,0,0
BRDA:15,76,1,0
BRDA:15,77,0,0
BRDA:15,77,1,0
BRDA:15,78,0,0
BRDA:15,78,1,0
BRDA:15,78,2,0
BRDA:15,79,0,0
BRDA:15,79,1,0
BRDA:15,80,0,0
BRDA:15,80,1,0
BRDA:15,81,0,0
BRDA:15,81,1,0
BRDA:15,82,0,0
BRDA:15,82,1,0
BRDA:15,83,0,0
BRDA:15,83,1,0
BRDA:15,84,0,0
BRDA:15,84,1,0
BRDA:15,85,0,0
BRDA:15,85,1,0
BRDA:15,86,0,0
BRDA:15,86,1,0
BRDA:15,87,0,0
BRDA:15,87,1,0
BRDA:15,88,0,0
BRDA:15,88,1,0
BRDA:15,89,0,0
BRDA:15,89,1,0
BRDA:16,90,0,0
BRDA:16,90,1,0
BRDA:16,91,0,0
BRDA:16,91,1,0
BRDA:16,92,0,0
BRDA:16,92,1,0
BRDA:16,93,0,0
BRDA:16,93,1,0
BRDA:16,94,0,0
BRDA:16,94,1,0
BRDA:16,95,0,0
BRDA:16,95,1,0
BRDA:16,95,2,0
BRDA:16,95,3,0
BRDA:16,95,4,0
BRDA:16,95,5,0
BRDA:16,95,6,0
BRDA:16,96,0,0
BRDA:16,96,1,0
BRDA:16,97,0,0
BRDA:16,97,1,0
BRDA:16,98,0,0
BRDA:16,98,1,0
BRDA:16,99,0,0
BRDA:16,99,1,0
BRDA:16,100,0,0
BRDA:16,100,1,0
BRDA:16,100,2,0
BRDA:16,100,3,0
BRDA:16,101,0,0
BRDA:16,101,1,0
BRDA:16,102,0,0
BRDA:16,102,1,0
BRDA:16,103,0,0
BRDA:16,103,1,0
BRDA:17,104,0,0
BRDA:17,104,1,0
BRDA:17,105,0,0
BRDA:17,105,1,0
BRDA:17,106,0,0
BRDA:17,106,1,0
BRDA:17,107,0,0
BRDA:17,107,1,0
BRDA:17,108,0,0
BRDA:17,108,1,0
BRDA:17,108,2,0
BRDA:17,109,0,0
BRDA:17,109,1,0
BRDA:17,110,0,0
BRDA:17,110,1,0
BRDA:17,111,0,0
BRDA:17,111,1,0
BRDA:17,112,0,0
BRDA:17,112,1,0
BRDA:17,113,0,0
BRDA:17,113,1,0
BRDA:17,114,0,0
BRDA:17,114,1,0
BRDA:17,115,0,0
BRDA:17,115,1,0
BRDA:17,116,0,0
BRDA:17,116,1,0
BRDA:18,117,0,0
BRDA:18,117,1,0
BRDA:18,118,0,0
BRDA:18,118,1,0
BRDA:18,119,0,0
BRDA:18,119,1,0
BRDA:18,120,0,0
BRDA:18,120,1,0
BRDA:19,121,0,0
BRDA:19,121,1,0
BRDA:19,122,0,0
BRDA:19,122,1,0
BRDA:19,123,0,0
BRDA:19,123,1,0
BRDA:19,124,0,0
BRDA:19,124,1,0
BRDA:19,125,0,0
BRDA:19,125,1,0
BRDA:19,126,0,0
BRDA:19,126,1,0
BRDA:19,127,0,0
BRDA:19,127,1,0
BRDA:19,128,0,0
BRDA:19,128,1,0
BRDA:19,129,0,0
BRDA:19,129,1,0
BRDA:19,130,0,0
BRDA:19,130,1,0
BRDA:20,131,0,0
BRDA:20,131,1,0
BRDA:20,132,0,0
BRDA:20,132,1,0
BRDA:20,133,0,0
BRDA:20,133,1,0
BRDA:20,133,2,0
BRDA:20,133,3,0
BRDA:20,134,0,0
BRDA:20,134,1,0
BRDA:20,134,2,0
BRDA:21,135,0,0
BRDA:21,135,1,0
BRDA:21,136,0,0
BRDA:21,136,1,0
BRDA:21,137,0,0
BRDA:21,137,1,0
BRDA:21,138,0,0
BRDA:21,138,1,0
BRDA:21,139,0,0
BRDA:21,139,1,0
BRDA:21,140,0,0
BRDA:21,140,1,0
BRDA:21,141,0,0
BRDA:21,141,1,0
BRDA:21,142,0,0
BRDA:21,142,1,0
BRDA:22,143,0,0
BRDA:22,143,1,0
BRDA:22,143,2,0
BRDA:22,144,0,0
BRDA:22,144,1,0
BRDA:22,145,0,0
BRDA:22,145,1,0
BRDA:22,146,0,0
BRDA:22,146,1,0
BRDA:23,147,0,0
BRDA:23,147,1,0
BRDA:23,148,0,0
BRDA:23,148,1,0
BRDA:23,149,0,0
BRDA:23,149,1,0
BRDA:23,150,0,0
BRDA:23,150,1,0
BRDA:23,151,0,0
BRDA:23,151,1,0
BRDA:23,152,0,0
BRDA:23,152,1,0
BRDA:23,153,0,0
BRDA:23,153,1,0
BRDA:23,154,0,0
BRDA:23,154,1,0
BRDA:24,155,0,0
BRDA:24,155,1,0
BRDA:24,155,2,0
BRDA:24,156,0,0
BRDA:24,156,1,0
BRDA:24,157,0,0
BRDA:24,157,1,0
BRDA:24,158,0,0
BRDA:24,158,1,0
BRDA:24,159,0,0
BRDA:24,159,1,0
BRDA:24,159,2,0
BRDA:24,160,0,0
BRDA:24,160,1,0
BRDA:24,161,0,0
BRDA:24,161,1,0
BRDA:24,162,0,0
BRDA:24,162,1,0
BRDA:24,163,0,0
BRDA:24,163,1,0
BRDA:24,164,0,0
BRDA:24,164,1,0
BRDA:25,165,0,0
BRDA:25,165,1,0
BRDA:25,166,0,0
BRDA:25,166,1,0
BRDA:25,167,0,0
BRDA:25,167,1,0
BRDA:25,168,0,0
BRDA:25,168,1,0
BRDA:25,169,0,0
BRDA:25,169,1,0
BRDA:25,170,0,0
BRDA:25,170,1,0
BRDA:25,171,0,0
BRDA:25,171,1,0
BRDA:25,172,0,0
BRDA:25,172,1,0
BRDA:25,173,0,0
BRDA:25,173,1,0
BRDA:25,174,0,0
BRDA:25,174,1,0
BRDA:25,174,2,0
BRDA:25,175,0,0
BRDA:25,175,1,0
BRDA:25,176,0,0
BRDA:25,176,1,0
BRDA:25,176,2,0
BRDA:25,177,0,0
BRDA:25,177,1,0
BRDA:26,178,0,0
BRDA:26,178,1,0
BRDA:26,179,0,0
BRDA:26,179,1,0
BRDA:26,180,0,0
BRDA:26,180,1,0
BRDA:26,180,2,0
BRDA:26,181,0,0
BRDA:26,181,1,0
BRDA:26,182,0,0
BRDA:26,182,1,0
BRDA:26,183,0,0
BRDA:26,183,1,0
BRDA:26,184,0,0
BRDA:26,184,1,0
BRDA:26,184,2,0
BRDA:26,185,0,0
BRDA:26,185,1,0
BRDA:27,186,0,0
BRDA:27,186,1,0
BRDA:27,187,0,0
BRDA:27,187,1,0
BRDA:28,188,0,0
BRDA:28,188,1,0
BRDA:28,189,0,0
BRDA:28,189,1,0
BRDA:28,190,0,0
BRDA:28,190,1,0
BRDA:28,191,0,0
BRDA:28,191,1,0
BRDA:28,192,0,0
BRDA:28,192,1,0
BRDA:28,193,0,0
BRDA:28,193,1,0
BRDA:28,194,0,0
BRDA:28,194,1,0
BRDA:28,195,0,0
BRDA:28,195,1,0
BRDA:28,196,0,0
BRDA:28,196,1,0
BRDA:28,197,0,0
BRDA:28,197,1,0
BRDA:28,198,0,0
BRDA:28,198,1,0
BRDA:32,199,0,0
BRDA:32,199,1,0
BRDA:32,199,2,0
BRDA:32,200,0,0
BRDA:32,200,1,0
BRDA:33,201,0,0
BRDA:33,201,1,0
BRDA:33,202,0,0
BRDA:33,202,1,0
BRDA:33,203,0,0
BRDA:33,203,1,0
BRDA:33,204,0,0
BRDA:33,204,1,0
BRDA:33,205,0,0
BRDA:33,205,1,0
BRDA:33,206,0,0
BRDA:33,206,1,0
BRDA:33,207,0,0
BRDA:33,207,1,0
BRDA:33,208,0,0
BRDA:33,208,1,0
BRDA:33,209,0,0
BRDA:33,209,1,0
BRDA:34,210,0,0
BRDA:34,210,1,0
BRDA:34,211,0,0
BRDA:34,211,1,0
BRDA:34,212,0,0
BRDA:34,212,1,0
BRDA:34,212,2,0
BRDA:34,213,0,0
BRDA:34,213,1,0
BRDA:34,214,0,0
BRDA:34,214,1,0
BRDA:34,215,0,0
BRDA:34,215,1,0
BRDA:34,216,0,0
BRDA:34,216,1,0
BRDA:34,217,0,0
BRDA:34,217,1,0
BRDA:34,217,2,0
BRDA:34,217,3,0
BRDA:34,217,4,0
BRDA:34,218,0,0
BRDA:34,218,1,0
BRDA:34,219,0,0
BRDA:34,219,1,0
BRDA:34,220,0,0
BRDA:34,220,1,0
BRDA:34,221,0,0
BRDA:34,221,1,0
BRDA:34,222,0,0
BRDA:34,222,1,0
BRDA:35,223,0,0
BRDA:35,223,1,0
BRDA:35,224,0,0
BRDA:35,224,1,0
BRDA:35,225,0,0
BRDA:35,225,1,0
BRDA:35,225,2,0
BRDA:35,225,3,0
BRDA:35,226,0,0
BRDA:35,226,1,0
BRDA:35,227,0,0
BRDA:35,227,1,0
BRDA:35,228,0,0
BRDA:35,228,1,0
BRDA:35,229,0,0
BRDA:35,229,1,0
BRDA:35,230,0,0
BRDA:35,230,1,0
BRDA:35,231,0,0
BRDA:35,231,1,0
BRDA:35,232,0,0
BRDA:35,232,1,0
BRDA:35,232,2,0
BRDA:35,233,0,0
BRDA:35,233,1,0
BRDA:35,234,0,0
BRDA:35,234,1,0
BRDA:35,234,2,0
BRDA:35,235,0,0
BRDA:35,235,1,0
BRDA:35,236,0,0
BRDA:35,236,1,0
BRDA:36,237,0,0
BRDA:36,237,1,0
BRDA:36,238,0,0
BRDA:36,238,1,0
BRDA:36,239,0,0
BRDA:36,239,1,0
BRDA:36,240,0,0
BRDA:36,240,1,0
BRDA:36,241,0,0
BRDA:36,241,1,0
BRDA:36,242,0,0
BRDA:36,242,1,0
BRDA:36,243,0,0
BRDA:36,243,1,0
BRDA:36,244,0,0
BRDA:36,244,1,0
BRDA:36,245,0,0
BRDA:36,245,1,0
BRDA:36,246,0,0
BRDA:36,246,1,0
BRDA:36,247,0,0
BRDA:36,247,1,0
BRDA:36,248,0,0
BRDA:36,248,1,0
BRDA:37,249,0,0
BRDA:37,249,1,0
BRDA:37,250,0,0
BRDA:37,250,1,0
BRDA:37,251,0,0
BRDA:37,251,1,0
BRDA:37,252,0,0
BRDA:37,252,1,0
BRDA:37,253,0,0
BRDA:37,253,1,0
BRDA:37,254,0,0
BRDA:37,254,1,0
BRDA:37,255,0,0
BRDA:37,255,1,0
BRDA:37,256,0,0
BRDA:37,256,1,0
BRDA:37,257,0,0
BRDA:37,257,1,0
BRDA:37,258,0,0
BRDA:37,258,1,0
BRDA:37,259,0,0
BRDA:37,259,1,0
BRDA:38,260,0,0
BRDA:38,260,1,0
BRDA:38,260,2,0
BRDA:38,261,0,0
BRDA:38,261,1,0
BRDA:38,262,0,0
BRDA:38,262,1,0
BRDA:38,263,0,0
BRDA:38,263,1,0
BRDA:38,264,0,0
BRDA:38,264,1,0
BRDA:38,265,0,0
BRDA:38,265,1,0
BRDA:39,266,0,0
BRDA:39,266,1,0
BRDA:39,266,2,0
BRDA:39,267,0,0
BRDA:39,267,1,0
BRDA:39,268,0,0
BRDA:39,268,1,0
BRDA:39,269,0,0
BRDA:39,269,1,0
BRDA:39,270,0,0
BRDA:39,270,1,0
BRDA:39,271,0,0
BRDA:39,271,1,0
BRDA:39,272,0,0
BRDA:39,272,1,0
BRDA:39,273,0,0
BRDA:39,273,1,0
BRDA:40,274,0,0
BRDA:40,274,1,0
BRDA:40,275,0,0
BRDA:40,275,1,0
BRDA:40,276,0,0
BRDA:40,276,1,0
BRDA:40,276,2,0
BRDA:40,276,3,0
BRDA:40,277,0,0
BRDA:40,277,1,0
BRDA:40,278,0,0
BRDA:40,278,1,0
BRDA:40,279,0,0
BRDA:40,279,1,0
BRDA:40,280,0,0
BRDA:40,280,1,0
BRDA:40,281,0,0
BRDA:40,281,1,0
BRDA:40,282,0,0
BRDA:40,282,1,0
BRDA:41,283,0,0
BRDA:41,283,1,0
BRDA:41,284,0,0
BRDA:41,284,1,0
BRDA:41,284,2,0
BRDA:41,285,0,0
BRDA:41,285,1,0
BRDA:41,286,0,0
BRDA:41,286,1,0
BRDA:41,287,0,0
BRDA:41,287,1,0
BRDA:41,288,0,0
BRDA:41,288,1,0
BRDA:41,289,0,0
BRDA:41,289,1,0
BRDA:42,290,0,0
BRDA:42,290,1,0
BRDA:42,291,0,0
BRDA:42,291,1,0
BRDA:42,292,0,0
BRDA:42,292,1,0
BRDA:42,293,0,0
BRDA:42,293,1,0
BRDA:42,294,0,0
BRDA:42,294,1,0
BRDA:42,295,0,0
BRDA:42,295,1,0
BRDA:42,296,0,0
BRDA:42,296,1,0
BRDA:42,297,0,0
BRDA:42,297,1,0
BRDA:43,298,0,0
BRDA:43,298,1,0
BRDA:43,299,0,0
BRDA:43,299,1,0
BRDA:43,300,0,0
BRDA:43,300,1,0
BRDA:43,301,0,0
BRDA:43,301,1,0
BRDA:43,301,2,0
BRDA:43,301,3,0
BRDA:43,302,0,0
BRDA:43,302,1,0
BRDA:43,302,2,0
BRDA:43,303,0,0
BRDA:43,303,1,0
BRDA:43,304,0,0
BRDA:43,304,1,0
BRDA:43,305,0,0
BRDA:43,305,1,0
BRDA:44,306,0,0
BRDA:44,306,1,0
BRDA:44,307,0,0
BRDA:44,307,1,0
BRDA:44,308,0,0
BRDA:44,308,1,0
BRDA:44,309,0,0
BRDA:44,309,1,0
BRDA:44,310,0,0
BRDA:44,310,1,0
BRDA:44,311,0,0
BRDA:44,311,1,0
BRDA:44,312,0,0
BRDA:44,312,1,0
BRDA:44,313,0,0
BRDA:44,313,1,0
BRDA:44,314,0,0
BRDA:44,314,1,0
BRDA:45,315,0,0
BRDA:45,315,1,0
BRDA:45,316,0,0
BRDA:45,316,1,0
BRDA:46,317,0,0
BRDA:46,317,1,0
BRDA:46,318,0,0
BRDA:46,318,1,0
BRDA:47,319,0,0
BRDA:47,319,1,0
BRDA:47,320,0,0
BRDA:47,320,1,0
BRDA:47,321,0,0
BRDA:47,321,1,0
BRDA:47,322,0,0
BRDA:47,322,1,0
BRDA:47,323,0,0
BRDA:47,323,1,0
BRDA:47,324,0,0
BRDA:47,324,1,0
BRDA:47,325,0,0
BRDA:47,325,1,0
BRDA:47,326,0,0
BRDA:47,326,1,0
BRDA:48,327,0,0
BRDA:48,327,1,0
BRDA:48,328,0,0
BRDA:48,328,1,0
BRDA:48,329,0,0
BRDA:48,329,1,0
BRDA:48,330,0,0
BRDA:48,330,1,0
BRDA:48,331,0,0
BRDA:48,331,1,0
BRDA:48,332,0,0
BRDA:48,332,1,0
BRDA:48,333,0,0
BRDA:48,333,1,0
BRDA:48,334,0,0
BRDA:48,334,1,0
BRDA:48,334,2,0
BRDA:48,335,0,0
BRDA:48,335,1,0
BRDA:48,336,0,0
BRDA:48,336,1,0
BRDA:48,337,0,0
BRDA:48,337,1,0
BRDA:48,338,0,0
BRDA:48,338,1,0
BRDA:48,339,0,0
BRDA:48,339,1,0
BRDA:48,340,0,0
BRDA:48,340,1,0
BRDA:48,341,0,0
BRDA:48,341,1,0
BRDA:48,342,0,0
BRDA:48,342,1,0
BRDA:49,343,0,0
BRDA:49,343,1,0
BRDA:49,344,0,0
BRDA:49,344,1,0
BRDA:49,345,0,0
BRDA:49,345,1,0
BRDA:49,346,0,0
BRDA:49,346,1,0
BRDA:49,347,0,0
BRDA:49,347,1,0
BRDA:49,348,0,0
BRDA:49,348,1,0
BRDA:50,349,0,0
BRDA:50,349,1,0
BRDA:50,350,0,0
BRDA:50,350,1,0
BRDA:50,351,0,0
BRDA:50,351,1,0
BRDA:50,352,0,0
BRDA:50,352,1,0
BRDA:50,353,0,0
BRDA:50,353,1,0
BRDA:50,354,0,0
BRDA:50,354,1,0
BRDA:50,355,0,0
BRDA:50,355,1,0
BRDA:50,356,0,0
BRDA:50,356,1,0
BRDA:50,356,2,0
BRDA:50,357,0,0
BRDA:50,357,1,0
BRDA:50,358,0,0
BRDA:50,358,1,0
BRDA:50,359,0,0
BRDA:50,359,1,0
BRDA:50,359,2,0
BRDA:50,360,0,0
BRDA:50,360,1,0
BRDA:50,361,0,0
BRDA:50,361,1,0
BRDA:50,362,0,0
BRDA:50,362,1,0
BRDA:50,363,0,0
BRDA:50,363,1,0
BRDA:50,364,0,0
BRDA:50,364,1,0
BRDA:50,365,0,0
BRDA:50,365,1,0
BRDA:51,366,0,0
BRDA:51,366,1,0
BRDA:51,367,0,0
BRDA:51,367,1,0
BRDA:51,368,0,0
BRDA:51,368,1,0
BRDA:51,369,0,0
BRDA:51,369,1,0
BRDA:51,370,0,0
BRDA:51,370,1,0
BRDA:51,371,0,0
BRDA:51,371,1,0
BRDA:52,372,0,0
BRDA:52,372,1,0
BRDA:52,373,0,0
BRDA:52,373,1,0
BRDA:52,374,0,0
BRDA:52,374,1,0
BRDA:52,375,0,0
BRDA:52,375,1,0
BRDA:52,376,0,0
BRDA:52,376,1,0
BRDA:52,377,0,0
BRDA:52,377,1,0
BRDA:52,378,0,0
BRDA:52,378,1,0
BRDA:52,379,0,0
BRDA:52,379,1,0
BRDA:52,380,0,0
BRDA:52,380,1,0
BRDA:52,380,2,0
BRDA:53,381,0,0
BRDA:53,381,1,0
BRDA:53,382,0,0
BRDA:53,382,1,0
BRDA:53,383,0,0
BRDA:53,383,1,0
BRDA:53,384,0,0
BRDA:53,384,1,0
BRDA:53,385,0,0
BRDA:53,385,1,0
BRDA:53,386,0,0
BRDA:53,386,1,0
BRDA:53,387,0,0
BRDA:53,387,1,0
BRDA:53,388,0,0
BRDA:53,388,1,0
BRDA:53,389,0,0
BRDA:53,389,1,0
BRDA:53,390,0,0
BRDA:53,390,1,0
BRDA:53,391,0,0
BRDA:53,391,1,0
BRDA:53,392,0,0
BRDA:53,392,1,0
BRDA:54,393,0,0
BRDA:54,393,1,0
BRDA:54,394,0,0
BRDA:54,394,1,0
BRDA:54,395,0,0
BRDA:54,395,1,0
BRDA:54,396,0,0
BRDA:54,396,1,0
BRDA:54,397,0,0
BRDA:54,397,1,0
BRDA:55,398,0,0
BRDA:55,398,1,0
BRDA:55,399,0,0
BRDA:55,399,1,0
BRDA:55,400,0,0
BRDA:55,400,1,0
BRDA:55,401,0,0
BRDA:55,401,1,0
BRDA:55,401,2,0
BRDA:55,402,0,0
BRDA:55,402,1,0
BRDA:55,402,2,0
BRDA:55,403,0,0
BRDA:55,403,1,0
BRDA:56,404,0,0
BRDA:56,404,1,0
BRDA:56,405,0,0
BRDA:56,405,1,0
BRDA:56,406,0,0
BRDA:56,406,1,0
BRDA:56,407,0,0
BRDA:56,407,1,0
BRDA:56,407,2,0
BRDA:56,408,0,0
BRDA:56,408,1,0
BRDA:56,409,0,0
BRDA:56,409,1,0
BRDA:56,410,0,0
BRDA:56,410,1,0
BRDA:56,411,0,0
BRDA:56,411,1,0
BRDA:56,411,2,0
BRDA:56,412,0,0
BRDA:56,412,1,0
BRDA:57,413,0,0
BRDA:57,413,1,0
BRDA:57,414,0,0
BRDA:57,414,1,0
BRDA:57,415,0,0
BRDA:57,415,1,0
BRDA:57,416,0,0
BRDA:57,416,1,0
BRDA:57,417,0,0
BRDA:57,417,1,0
BRDA:57,417,2,0
BRDA:57,418,0,0
BRDA:57,418,1,0
BRDA:57,419,0,0
BRDA:57,419,1,0
BRDA:57,420,0,0
BRDA:57,420,1,0
BRDA:58,421,0,0
BRDA:58,421,1,0
BRDA:58,422,0,0
BRDA:58,422,1,0
BRDA:58,423,0,0
BRDA:58,423,1,0
BRDA:58,424,0,0
BRDA:58,424,1,0
BRDA:58,425,0,0
BRDA:58,425,1,0
BRDA:58,426,0,0
BRDA:58,426,1,0
BRDA:59,427,0,0
BRDA:59,427,1,0
BRDA:59,428,0,0
BRDA:59,428,1,0
BRDA:59,429,0,0
BRDA:59,429,1,0
BRDA:59,430,0,0
BRDA:59,430,1,0
BRDA:59,431,0,0
BRDA:59,431,1,0
BRDA:60,432,0,0
BRDA:60,432,1,0
BRDA:60,433,0,0
BRDA:60,433,1,0
BRDA:61,434,0,0
BRDA:61,434,1,0
BRDA:61,435,0,0
BRDA:61,435,1,0
BRDA:61,435,2,0
BRDA:61,436,0,0
BRDA:61,436,1,0
BRDA:61,437,0,0
BRDA:61,437,1,0
BRDA:61,437,2,0
BRDA:61,438,0,0
BRDA:61,438,1,0
BRDA:61,439,0,0
BRDA:61,439,1,0
BRDA:61,440,0,0
BRDA:61,440,1,0
BRDA:61,441,0,0
BRDA:61,441,1,0
BRDA:61,442,0,0
BRDA:61,442,1,0
BRDA:61,443,0,0
BRDA:61,443,1,0
BRDA:61,444,0,0
BRDA:61,444,1,0
BRDA:61,445,0,0
BRDA:61,445,1,0
BRDA:62,446,0,0
BRDA:62,446,1,0
BRDA:62,447,0,0
BRDA:62,447,1,0
BRDA:62,448,0,0
BRDA:62,448,1,0
BRDA:62,449,0,0
BRDA:62,449,1,0
BRDA:62,450,0,0
BRDA:62,450,1,0
BRDA:62,451,0,0
BRDA:62,451,1,0
BRDA:62,452,0,0
BRDA:62,452,1,0
BRDA:62,453,0,0
BRDA:62,453,1,0
BRDA:62,454,0,0
BRDA:62,454,1,0
BRDA:62,455,0,0
BRDA:62,455,1,0
BRDA:62,456,0,0
BRDA:62,456,1,0
BRDA:62,457,0,0
BRDA:62,457,1,0
BRDA:63,458,0,0
BRDA:63,458,1,0
BRDA:63,459,0,0
BRDA:63,459,1,0
BRDA:63,460,0,0
BRDA:63,460,1,0
BRDA:63,460,2,0
BRDA:63,461,0,0
BRDA:63,461,1,0
BRDA:63,462,0,0
BRDA:63,462,1,0
BRDA:63,463,0,0
BRDA:63,463,1,0
BRDA:63,463,2,0
BRDA:63,463,3,0
BRDA:63,464,0,0
BRDA:63,464,1,0
BRDA:63,465,0,0
BRDA:63,465,1,0
BRDA:63,465,2,0
BRDA:63,466,0,0
BRDA:63,466,1,0
[...]
BRDA:6,312,0,0
BRDA:6,312,1,0
BRDA:6,313,0,0
BRDA:6,313,1,0
BRDA:6,314,0,0
BRDA:6,314,1,0
BRDA:6,315,0,0
BRDA:6,315,1,0
BRDA:6,316,0,0
BRDA:6,316,1,0
BRDA:6,317,0,0
BRDA:6,317,1,0
BRDA:6,318,0,0
BRDA:6,318,1,0
BRDA:6,319,0,0
BRDA:6,319,1,0
BRDA:6,319,2,0
BRDA:6,320,0,0
BRDA:6,320,1,0
BRDA:6,321,0,0
BRDA:6,321,1,0
BRDA:6,322,0,0
BRDA:6,322,1,0
BRDA:6,322,2,0
BRDA:6,323,0,0
BRDA:6,323,1,0
BRDA:6,324,0,0
BRDA:6,324,1,0
BRDA:6,325,0,0
BRDA:6,325,1,0
BRDA:6,326,0,0
BRDA:6,326,1,0
BRDA:6,327,0,0
BRDA:6,327,1,0
BRDA:6,328,0,0
BRDA:6,328,1,0
BRDA:6,329,0,0
BRDA:6,329,1,0
BRDA:6,330,0,0
BRDA:6,330,1,0
BRDA:6,331,0,0
BRDA:6,331,1,0
BRDA:6,332,0,0
BRDA:6,332,1,0
BRDA:6,333,0,0
BRDA:6,333,1,0
BRDA:6,334,0,0
BRDA:6,334,1,0
BRDA:6,335,0,0
BRDA:6,335,1,0
BRDA:6,336,0,0
BRDA:6,336,1,0
BRDA:6,337,0,0
BRDA:6,337,1,0
BRDA:6,338,0,0
BRDA:6,338,1,0
BRDA:6,339,0,0
BRDA:6,339,1,0
BRDA:6,340,0,0
BRDA:6,340,1,0
BRDA:6,341,0,0
BRDA:6,341,1,0
BRDA:6,342,0,0
BRDA:6,342,1,0
BRDA:6,343,0,0
BRDA:6,343,1,0
BRDA:6,344,0,0
BRDA:6,344,1,0
BRDA:6,344,2,0
BRDA:6,345,0,0
BRDA:6,345,1,0
BRDA:6,345,2,0
BRDA:6,345,3,0
BRDA:6,345,4,0
BRDA:6,346,0,0
BRDA:6,346,1,0
BRDA:6,347,0,0
BRDA:6,347,1,0
BRDA:6,348,0,0
BRDA:6,348,1,0
BRDA:6,349,0,0
BRDA:6,349,1,0
BRDA:6,350,0,0
BRDA:6,350,1,0
BRDA:6,351,0,0
BRDA:6,351,1,0
BRDA:6,352,0,0
BRDA:6,352,1,0
BRDA:6,352,2,0
BRDA:6,352,3,0
BRDA:6,353,0,0
BRDA:6,353,1,0
BRDA:6,354,0,0
BRDA:6,354,1,0
BRDA:6,355,0,0
BRDA:6,355,1,0
BRDA:6,356,0,0
BRDA:6,356,1,0
BRDA:6,357,0,0
BRDA:6,357,1,0
BRDA:6,358,0,0
BRDA:6,358,1,0
BRDA:6,359,0,0
BRDA:6,359,1,0
BRDA:6,360,0,0
BRDA:6,360,1,0
BRDA:6,361,0,0
BRDA:6,361,1,0
BRDA:6,361,2,0
BRDA:6,362,0,0
BRDA:6,362,1,0
BRDA:6,363,0,0
BRDA:6,363,1,0
BRDA:6,364,0,0
BRDA:6,364,1,0
BRDA:6,365,0,0
BRDA:6,365,1,0
BRDA:6,366,0,0
BRDA:6,366,1,0
BRDA:6,367,0,0
BRDA:6,367,1,0
BRDA:6,368,0,0
BRDA:6,368,1,0
BRDA:6,369,0,0
BRDA:6,369,1,0
BRDA:6,370,0,0
BRDA:6,370,1,0
BRDA:6,371,0,0
BRDA:6,371,1,0
BRDA:6,372,0,0
BRDA:6,372,1,0
BRDA:6,373,0,0
BRDA:6,373,1,0
BRDA:6,374,0,0
BRDA:6,374,1,0
BRDA:6,375,0,0
BRDA:6,375,1,0
BRDA:6,376,0,0
BRDA:6,376,1,0
BRDA:6,377,0,0
BRDA:6,377,1,0
BRDA:6,377,2,0
BRDA:6,377,3,0
BRDA:6,377,4,0
BRDA:6,377,5,0
BRF:815
BRH:0
end_of_record
TN:
SF:/home/laissonsilveira/digitro/ambiente/workspaces/workspaceDefault/clock-in-dgt/public/lib/datarangepicker/daterangepicker.min.js
FN:1,(anonymous_0)
FN:1,(anonymous_1)
FN:1,(anonymous_2)
FN:1,(anonymous_3)
FN:1,(anonymous_4)
FN:1,(anonymous_5)
FN:1,(anonymous_6)
FN:1,(anonymous_7)
FN:1,(anonymous_8)
FN:1,(anonymous_9)
FN:1,(anonymous_10)
FN:1,(anonymous_11)
FN:1,(anonymous_12)
FN:1,(anonymous_13)
FN:1,(anonymous_14)
FN:1,(anonymous_15)
FN:1,(anonymous_16)
FN:1,(anonymous_17)
FN:1,(anonymous_18)
FN:1,(anonymous_19)
FN:1,(anonymous_20)
FN:1,(anonymous_21)
FN:1,(anonymous_22)
FN:1,(anonymous_23)
FN:1,(anonymous_24)
FN:1,(anonymous_25)
FN:1,(anonymous_26)
FN:1,(anonymous_27)
FN:1,(anonymous_28)
FN:1,(anonymous_29)
FN:1,(anonymous_30)
FN:1,(anonymous_31)
FN:1,(anonymous_32)
FN:1,(anonymous_33)
FN:1,(anonymous_34)
FN:1,(anonymous_35)
FN:1,(anonymous_36)
FN:1,(anonymous_37)
FN:1,(anonymous_38)
FN:1,(anonymous_39)
FN:1,(anonymous_40)
FN:1,(anonymous_41)
FNF:42
FNH:0
FNDA:0,(anonymous_0)
FNDA:0,(anonymous_1)
FNDA:0,(anonymous_2)
FNDA:0,(anonymous_3)
FNDA:0,(anonymous_4)
FNDA:0,(anonymous_5)
FNDA:0,(anonymous_6)
FNDA:0,(anonymous_7)
FNDA:0,(anonymous_8)
FNDA:0,(anonymous_9)
FNDA:0,(anonymous_10)
FNDA:0,(anonymous_11)
FNDA:0,(anonymous_12)
FNDA:0,(anonymous_13)
FNDA:0,(anonymous_14)
FNDA:0,(anonymous_15)
FNDA:0,(anonymous_16)
FNDA:0,(anonymous_17)
FNDA:0,(anonymous_18)
FNDA:0,(anonymous_19)
FNDA:0,(anonymous_20)
FNDA:0,(anonymous_21)
FNDA:0,(anonymous_22)
FNDA:0,(anonymous_23)
FNDA:0,(anonymous_24)
FNDA:0,(anonymous_25)
FNDA:0,(anonymous_26)
FNDA:0,(anonymous_27)
FNDA:0,(anonymous_28)
FNDA:0,(anonymous_29)
FNDA:0,(anonymous_30)
FNDA:0,(anonymous_31)
FNDA:0,(anonymous_32)
FNDA:0,(anonymous_33)
FNDA:0,(anonymous_34)
FNDA:0,(anonymous_35)
FNDA:0,(anonymous_36)
FNDA:0,(anonymous_37)
FNDA:0,(anonymous_38)
FNDA:0,(anonymous_39)
FNDA:0,(anonymous_40)
FNDA:0,(anonymous_41)
DA:1,0
LF:1
LH:0
BRDA:1,0,0,0
BRDA:1,0,1,0
BRDA:1,1,0,0
BRDA:1,1,1,0
BRDA:1,2,0,0
BRDA:1,2,1,0
BRDA:1,3,0,0
BRDA:1,3,1,0
BRDA:1,4,0,0
BRDA:1,4,1,0
BRDA:1,5,0,0
BRDA:1,5,1,0
BRDA:1,6,0,0
BRDA:1,6,1,0
BRDA:1,6,2,0
BRDA:1,7,0,0
BRDA:1,7,1,0
BRDA:1,8,0,0
BRDA:1,8,1,0
BRDA:1,9,0,0
BRDA:1,9,1,0
BRDA:1,10,0,0
BRDA:1,10,1,0
BRDA:1,11,0,0
BRDA:1,11,1,0
BRDA:1,12,0,0
BRDA:1,12,1,0
BRDA:1,12,2,0
BRDA:1,13,0,0
BRDA:1,13,1,0
BRDA:1,13,2,0
BRDA:1,14,0,0
BRDA:1,14,1,0
BRDA:1,15,0,0
BRDA:1,15,1,0
BRDA:1,16,0,0
BRDA:1,16,1,0
BRDA:1,17,0,0
BRDA:1,17,1,0
BRDA:1,18,0,0
BRDA:1,18,1,0
BRDA:1,19,0,0
BRDA:1,19,1,0
BRDA:1,20,0,0
BRDA:1,20,1,0
BRDA:1,21,0,0
BRDA:1,21,1,0
BRDA:1,22,0,0
BRDA:1,22,1,0
BRDA:1,23,0,0
BRDA:1,23,1,0
BRDA:1,24,0,0
BRDA:1,24,1,0
BRDA:1,25,0,0
BRDA:1,25,1,0
BRDA:1,26,0,0
BRDA:1,26,1,0
BRDA:1,27,0,0
BRDA:1,27,1,0
BRDA:1,28,0,0
BRDA:1,28,1,0
BRDA:1,29,0,0
BRDA:1,29,1,0
BRDA:1,30,0,0
BRDA:1,30,1,0
BRDA:1,31,0,0
BRDA:1,31,1,0
BRDA:1,32,0,0
BRDA:1,32,1,0
BRDA:1,33,0,0
BRDA:1,33,1,0
BRDA:1,34,0,0
BRDA:1,34,1,0
BRDA:1,35,0,0
BRDA:1,35,1,0
BRDA:1,35,2,0
BRDA:1,36,0,0
BRDA:1,36,1,0
BRDA:1,36,2,0
BRDA:1,37,0,0
BRDA:1,37,1,0
BRDA:1,38,0,0
BRDA:1,38,1,0
BRDA:1,39,0,0
BRDA:1,39,1,0
BRDA:1,40,0,0
BRDA:1,40,1,0
BRDA:1,41,0,0
BRDA:1,41,1,0
BRDA:1,42,0,0
BRDA:1,42,1,0
BRDA:1,43,0,0
BRDA:1,43,1,0
BRDA:1,44,0,0
BRDA:1,44,1,0
BRDA:1,45,0,0
BRDA:1,45,1,0
BRDA:1,46,0,0
BRDA:1,46,1,0
BRDA:1,47,0,0
BRDA:1,47,1,0
BRDA:1,48,0,0
BRDA:1,48,1,0
BRDA:1,49,0,0
BRDA:1,49,1,0
BRDA:1,50,0,0
BRDA:1,50,1,0
BRDA:1,51,0,0
BRDA:1,51,1,0
BRDA:1,52,0,0
BRDA:1,52,1,0
BRDA:1,53,0,0
BRDA:1,53,1,0
BRDA:1,54,0,0
BRDA:1,54,1,0
BRDA:1,55,0,0
BRDA:1,55,1,0
BRDA:1,56,0,0
BRDA:1,56,1,0
BRDA:1,57,0,0
BRDA:1,57,1,0
BRDA:1,58,0,0
BRDA:1,58,1,0
BRDA:1,59,0,0
BRDA:1,59,1,0
BRDA:1,60,0,0
BRDA:1,60,1,0
BRDA:1,61,0,0
BRDA:1,61,1,0
BRDA:1,62,0,0
BRDA:1,62,1,0
BRDA:1,63,0,0
BRDA:1,63,1,0
BRDA:1,64,0,0
BRDA:1,64,1,0
BRDA:1,65,0,0
BRDA:1,65,1,0
BRDA:1,66,0,0
BRDA:1,66,1,0
BRDA:1,66,2,0
BRDA:1,67,0,0
BRDA:1,67,1,0
BRDA:1,68,0,0
BRDA:1,68,1,0
BRDA:1,68,2,0
BRDA:1,69,0,0
BRDA:1,69,1,0
BRDA:1,69,2,0
BRDA:1,70,0,0
BRDA:1,70,1,0
BRDA:1,71,0,0
BRDA:1,71,1,0
BRDA:1,72,0,0
BRDA:1,72,1,0
BRDA:1,73,0,0
BRDA:1,73,1,0
BRDA:1,73,2,0
BRDA:1,74,0,0
BRDA:1,74,1,0
BRDA:1,75,0,0
BRDA:1,75,1,0
BRDA:1,75,2,0
BRDA:1,75,3,0
BRDA:1,76,0,0
BRDA:1,76,1,0
BRDA:1,76,2,0
BRDA:1,77,0,0
BRDA:1,77,1,0
BRDA:1,77,2,0
BRDA:1,77,3,0
BRDA:1,78,0,0
BRDA:1,78,1,0
BRDA:1,79,0,0
BRDA:1,79,1,0
BRDA:1,80,0,0
BRDA:1,80,1,0
BRDA:1,81,0,0
BRDA:1,81,1,0
BRDA:1,82,0,0
BRDA:1,82,1,0
BRDA:1,83,0,0
BRDA:1,83,1,0
BRDA:1,83,2,0
BRDA:1,84,0,0
BRDA:1,84,1,0
BRDA:1,85,0,0
BRDA:1,85,1,0
BRDA:1,86,0,0
BRDA:1,86,1,0
BRDA:1,87,0,0
BRDA:1,87,1,0
BRDA:1,88,0,0
BRDA:1,88,1,0
BRDA:1,88,2,0
BRDA:1,88,3,0
BRDA:1,89,0,0
BRDA:1,89,1,0
BRDA:1,90,0,0
BRDA:1,90,1,0
BRDA:1,91,0,0
BRDA:1,91,1,0
BRDA:1,92,0,0
BRDA:1,92,1,0
BRDA:1,93,0,0
BRDA:1,93,1,0
BRDA:1,94,0,0
BRDA:1,94,1,0
BRDA:1,95,0,0
BRDA:1,95,1,0
BRDA:1,96,0,0
BRDA:1,96,1,0
BRDA:1,96,2,0
BRDA:1,97,0,0
BRDA:1,97,1,0
BRDA:1,97,2,0
BRDA:1,98,0,0
BRDA:1,98,1,0
BRDA:1,98,2,0
BRDA:1,99,0,0
BRDA:1,99,1,0
BRDA:1,99,2,0
BRDA:1,100,0,0
BRDA:1,100,1,0
BRDA:1,100,2,0
BRDA:1,101,0,0
BRDA:1,101,1,0
BRDA:1,102,0,0
BRDA:1,102,1,0
BRDA:1,103,0,0
BRDA:1,103,1,0
BRDA:1,104,0,0
BRDA:1,104,1,0
BRDA:1,105,0,0
BRDA:1,105,1,0
BRDA:1,105,2,0
BRDA:1,106,0,0
BRDA:1,106,1,0
BRDA:1,107,0,0
BRDA:1,107,1,0
BRDA:1,107,2,0
BRDA:1,108,0,0
BRDA:1,108,1,0
BRDA:1,108,2,0
BRDA:1,109,0,0
BRDA:1,109,1,0
BRDA:1,110,0,0
BRDA:1,110,1,0
BRDA:1,111,0,0
BRDA:1,111,1,0
BRDA:1,112,0,0
BRDA:1,112,1,0
BRDA:1,113,0,0
BRDA:1,113,1,0
BRDA:1,114,0,0
BRDA:1,114,1,0
BRDA:1,115,0,0
BRDA:1,115,1,0
BRDA:1,115,2,0
BRDA:1,115,3,0
BRDA:1,115,4,0
BRDA:1,115,5,0
BRDA:1,115,6,0
BRDA:1,116,0,0
BRDA:1,116,1,0
BRDA:1,117,0,0
BRDA:1,117,1,0
BRDA:1,117,2,0
BRDA:1,118,0,0
BRDA:1,118,1,0
BRDA:1,118,2,0
BRDA:1,119,0,0
BRDA:1,119,1,0
BRDA:1,119,2,0
BRDA:1,119,3,0
BRDA:1,119,4,0
BRDA:1,120,0,0
BRDA:1,120,1,0
BRDA:1,121,0,0
BRDA:1,121,1,0
BRDA:1,122,0,0
BRDA:1,122,1,0
BRDA:1,123,0,0
BRDA:1,123,1,0
BRDA:1,124,0,0
BRDA:1,124,1,0
BRDA:1,124,2,0
BRDA:1,125,0,0
BRDA:1,125,1,0
BRDA:1,125,2,0
BRDA:1,126,0,0
BRDA:1,126,1,0
BRDA:1,127,0,0
BRDA:1,127,1,0
BRDA:1,128,0,0
BRDA:1,128,1,0
BRDA:1,128,2,0
BRDA:1,129,0,0
BRDA:1,129,1,0
BRDA:1,129,2,0
BRDA:1,130,0,0
BRDA:1,130,1,0
BRDA:1,131,0,0
BRDA:1,131,1,0
BRDA:1,132,0,0
BRDA:1,132,1,0
BRDA:1,133,0,0
BRDA:1,133,1,0
BRDA:1,134,0,0
BRDA:1,134,1,0
BRDA:1,134,2,0
BRDA:1,135,0,0
BRDA:1,135,1,0
BRDA:1,135,2,0
BRDA:1,135,3,0
BRDA:1,135,4,0
BRDA:1,136,0,0
BRDA:1,136,1,0
BRDA:1,136,2,0
BRDA:1,136,3,0
BRDA:1,136,4,0
BRDA:1,137,0,0
BRDA:1,137,1,0
BRDA:1,138,0,0
BRDA:1,138,1,0
BRDA:1,139,0,0
BRDA:1,139,1,0
BRDA:1,140,0,0
BRDA:1,140,1,0
BRDA:1,140,2,0
BRDA:1,141,0,0
BRDA:1,141,1,0
BRDA:1,142,0,0
BRDA:1,142,1,0
BRDA:1,142,2,0
BRDA:1,142,3,0
BRDA:1,143,0,0
BRDA:1,143,1,0
BRDA:1,144,0,0
BRDA:1,144,1,0
BRDA:1,145,0,0
BRDA:1,145,1,0
BRDA:1,145,2,0
BRDA:1,145,3,0
BRDA:1,146,0,0
BRDA:1,146,1,0
BRDA:1,147,0,0
BRDA:1,147,1,0
BRDA:1,148,0,0
BRDA:1,148,1,0
BRDA:1,149,0,0
BRDA:1,149,1,0
BRDA:1,150,0,0
BRDA:1,150,1,0
BRDA:1,151,0,0
BRDA:1,151,1,0
BRDA:1,151,2,0
BRDA:1,151,3,0
BRDA:1,151,4,0
BRDA:1,152,0,0
BRDA:1,152,1,0
BRDA:1,152,2,0
BRDA:1,153,0,0
BRDA:1,153,1,0
BRDA:1,154,0,0
BRDA:1,154,1,0
BRDA:1,154,2,0
BRDA:1,155,0,0
BRDA:1,155,1,0
BRDA:1,156,0,0
BRDA:1,156,1,0
BRDA:1,157,0,0
BRDA:1,157,1,0
BRDA:1,158,0,0
BRDA:1,158,1,0
BRDA:1,159,0,0
BRDA:1,159,1,0
BRDA:1,160,0,0
BRDA:1,160,1,0
BRDA:1,160,2,0
BRDA:1,161,0,0
BRDA:1,161,1,0
BRDA:1,161,2,0
BRDA:1,162,0,0
BRDA:1,162,1,0
BRDA:1,163,0,0
BRDA:1,163,1,0
BRDA:1,164,0,0
BRDA:1,164,1,0
BRDA:1,164,2,0
BRDA:1,165,0,0
BRDA:1,165,1,0
BRDA:1,165,2,0
BRDA:1,165,3,0
BRDA:1,166,0,0
BRDA:1,166,1,0
BRDA:1,167,0,0
BRDA:1,167,1,0
BRDA:1,168,0,0
BRDA:1,168,1,0
BRDA:1,169,0,0
BRDA:1,169,1,0
BRDA:1,170,0,0
BRDA:1,170,1,0
BRDA:1,171,0,0
BRDA:1,171,1,0
BRDA:1,172,0,0
BRDA:1,172,1,0
BRDA:1,173,0,0
BRDA:1,173,1,0
BRDA:1,173,2,0
BRDA:1,173,3,0
BRDA:1,174,0,0
BRDA:1,174,1,0
BRDA:1,175,0,0
BRDA:1,175,1,0
BRDA:1,176,0,0
BRDA:1,176,1,0
BRDA:1,177,0,0
BRDA:1,177,1,0
BRDA:1,178,0,0
BRDA:1,178,1,0
BRDA:1,179,0,0
BRDA:1,179,1,0
BRDA:1,180,0,0
BRDA:1,180,1,0
BRDA:1,180,2,0
BRDA:1,181,0,0
BRDA:1,181,1,0
BRDA:1,181,2,0
BRDA:1,182,0,0
BRDA:1,182,1,0
BRDA:1,183,0,0
BRDA:1,183,1,0
BRDA:1,183,2,0
BRDA:1,184,0,0
BRDA:1,184,1,0
BRDA:1,185,0,0
BRDA:1,185,1,0
BRDA:1,186,0,0
BRDA:1,186,1,0
BRDA:1,187,0,0
BRDA:1,187,1,0
BRDA:1,188,0,0
BRDA:1,188,1,0
BRDA:1,188,2,0
BRDA:1,189,0,0
BRDA:1,189,1,0
BRDA:1,189,2,0
BRDA:1,190,0,0
BRDA:1,190,1,0
BRDA:1,191,0,0
BRDA:1,191,1,0
BRDA:1,192,0,0
BRDA:1,192,1,0
BRDA:1,193,0,0
BRDA:1,193,1,0
BRDA:1,194,0,0
BRDA:1,194,1,0
BRDA:1,194,2,0
BRDA:1,195,0,0
BRDA:1,195,1,0
BRDA:1,195,2,0
BRDA:1,196,0,0
BRDA:1,196,1,0
BRDA:1,197,0,0
BRDA:1,197,1,0
BRDA:1,198,0,0
BRDA:1,198,1,0
BRDA:1,199,0,0
BRDA:1,199,1,0
BRDA:1,200,0,0
BRDA:1,200,1,0
BRDA:1,201,0,0
BRDA:1,201,1,0
BRDA:1,201,2,0
BRDA:1,202,0,0
BRDA:1,202,1,0
BRDA:1,202,2,0
BRDA:1,203,0,0
BRDA:1,203,1,0
BRDA:1,204,0,0
BRDA:1,204,1,0
BRDA:1,205,0,0
BRDA:1,205,1,0
BRDA:1,206,0,0
BRDA:1,206,1,0
BRDA:1,207,0,0
BRDA:1,207,1,0
BRDA:1,207,2,0
BRDA:1,208,0,0
BRDA:1,208,1,0
BRDA:1,208,2,0
BRDA:1,209,0,0
BRDA:1,209,1,0
BRDA:1,210,0,0
BRDA:1,210,1,0
BRDA:1,211,0,0
BRDA:1,211,1,0
BRDA:1,211,2,0
BRDA:1,211,3,0
BRDA:1,212,0,0
BRDA:1,212,1,0
BRDA:1,213,0,0
BRDA:1,213,1,0
BRDA:1,214,0,0
BRDA:1,214,1,0
BRDA:1,215,0,0
BRDA:1,215,1,0
BRDA:1,216,0,0
BRDA:1,216,1,0
BRDA:1,217,0,0
BRDA:1,217,1,0
BRDA:1,218,0,0
BRDA:1,218,1,0
BRDA:1,219,0,0
BRDA:1,219,1,0
BRDA:1,220,0,0
BRDA:1,220,1,0
BRDA:1,221,0,0
BRDA:1,221,1,0
BRDA:1,222,0,0
BRDA:1,222,1,0
BRDA:1,223,0,0
BRDA:1,223,1,0
BRDA:1,223,2,0
BRDA:1,224,0,0
BRDA:1,224,1,0
BRDA:1,225,0,0
BRDA:1,225,1,0
BRDA:1,225,2,0
BRDA:1,225,3,0
BRDA:1,225,4,0
BRDA:1,226,0,0
BRDA:1,226,1,0
BRDA:1,227,0,0
BRDA:1,227,1,0
BRDA:1,228,0,0
BRDA:1,228,1,0
BRDA:1,229,0,0
BRDA:1,229,1,0
BRDA:1,230,0,0
BRDA:1,230,1,0
BRDA:1,231,0,0
BRDA:1,231,1,0
BRDA:1,232,0,0
BRDA:1,232,1,0
BRDA:1,233,0,0
BRDA:1,233,1,0
BRDA:1,234,0,0
BRDA:1,234,1,0
BRDA:1,235,0,0
BRDA:1,235,1,0
BRDA:1,236,0,0
BRDA:1,236,1,0
BRDA:1,237,0,0
BRDA:1,237,1,0
BRDA:1,238,0,0
BRDA:1,238,1,0
BRDA:1,239,0,0
BRDA:1,239,1,0
BRDA:1,239,2,0
BRDA:1,240,0,0
BRDA:1,240,1,0
BRDA:1,241,0,0
BRDA:1,241,1,0
BRDA:1,242,0,0
BRDA:1,242,1,0
BRDA:1,243,0,0
BRDA:1,243,1,0
BRDA:1,244,0,0
BRDA:1,244,1,0
BRDA:1,245,0,0
BRDA:1,245,1,0
BRDA:1,246,0,0
BRDA:1,246,1,0
BRDA:1,246,2,0
BRDA:1,247,0,0
BRDA:1,247,1,0
BRDA:1,247,2,0
BRDA:1,248,0,0
BRDA:1,248,1,0
BRDA:1,249,0,0
BRDA:1,249,1,0
BRDA:1,250,0,0
BRDA:1,250,1,0
BRDA:1,251,0,0
BRDA:1,251,1,0
BRDA:1,252,0,0
BRDA:1,252,1,0
BRDA:1,253,0,0
BRDA:1,253,1,0
BRDA:1,253,2,0
BRDA:1,254,0,0
BRDA:1,254,1,0
BRDA:1,254,2,0
BRDA:1,255,0,0
BRDA:1,255,1,0
BRDA:1,256,0,0
BRDA:1,256,1,0
BRDA:1,257,0,0
BRDA:1,257,1,0
BRDA:1,258,0,0
BRDA:1,258,1,0
BRDA:1,259,0,0
BRDA:1,259,1,0
BRDA:1,260,0,0
BRDA:1,260,1,0
BRDA:1,261,0,0
BRDA:1,261,1,0
BRDA:1,262,0,0
BRDA:1,262,1,0
BRDA:1,263,0,0
BRDA:1,263,1,0
BRDA:1,264,0,0
BRDA:1,264,1,0
BRDA:1,265,0,0
BRDA:1,265,1,0
BRDA:1,266,0,0
BRDA:1,266,1,0
BRDA:1,267,0,0
BRDA:1,267,1,0
BRDA:1,268,0,0
BRDA:1,268,1,0
BRDA:1,268,2,0
BRDA:1,268,3,0
BRDA:1,268,4,0
BRDA:1,269,0,0
BRDA:1,269,1,0
BRDA:1,269,2,0
BRDA:1,269,3,0
BRDA:1,269,4,0
BRDA:1,270,0,0
BRDA:1,270,1,0
BRDA:1,270,2,0
BRDA:1,270,3,0
BRDA:1,270,4,0
BRDA:1,271,0,0
BRDA:1,271,1,0
BRDA:1,272,0,0
BRDA:1,272,1,0
BRDA:1,273,0,0
BRDA:1,273,1,0
BRDA:1,274,0,0
BRDA:1,274,1,0
BRDA:1,275,0,0
BRDA:1,275,1,0
BRDA:1,276,0,0
BRDA:1,276,1,0
BRDA:1,276,2,0
BRDA:1,277,0,0
BRDA:1,277,1,0
BRDA:1,277,2,0
BRDA:1,278,0,0
BRDA:1,278,1,0
BRDA:1,279,0,0
BRDA:1,279,1,0
BRDA:1,280,0,0
BRDA:1,280,1,0
BRDA:1,280,2,0
BRDA:1,280,3,0
BRDA:1,281,0,0
BRDA:1,281,1,0
BRDA:1,282,0,0
BRDA:1,282,1,0
BRDA:1,283,0,0
BRDA:1,283,1,0
BRDA:1,284,0,0
BRDA:1,284,1,0
BRDA:1,285,0,0
BRDA:1,285,1,0
BRDA:1,285,2,0
BRDA:1,285,3,0
BRDA:1,286,0,0
BRDA:1,286,1,0
BRDA:1,286,2,0
BRDA:1,287,0,0
BRDA:1,287,1,0
BRDA:1,287,2,0
BRDA:1,288,0,0
BRDA:1,288,1,0
BRDA:1,289,0,0
BRDA:1,289,1,0
BRDA:1,290,0,0
BRDA:1,290,1,0
BRDA:1,291,0,0
BRDA:1,291,1,0
BRDA:1,292,0,0
BRDA:1,292,1,0
BRDA:1,293,0,0
BRDA:1,293,1,0
BRF:690
BRH:0
end_of_record
TN:
SF:/home/laissonsilveira/digitro/ambiente/workspaces/workspaceDefault/clock-in-dgt/routes/apiRoute.js
FN:7,(anonymous_0)
FN:12,(anonymous_1)
FN:16,(anonymous_2)
FN:19,(anonymous_3)
FN:24,(anonymous_4)
FN:28,(anonymous_5)
FN:34,(anonymous_6)
FN:38,(anonymous_7)
FN:41,(anonymous_8)
FNF:9
FNH:0
FNDA:0,(anonymous_0)
FNDA:0,(anonymous_1)
FNDA:0,(anonymous_2)
FNDA:0,(anonymous_3)
FNDA:0,(anonymous_4)
FNDA:0,(anonymous_5)
FNDA:0,(anonymous_6)
FNDA:0,(anonymous_7)
FNDA:0,(anonymous_8)
DA:2,0
DA:3,0
DA:4,0
DA:5,0
DA:7,0
DA:8,0
DA:10,0
DA:11,0
DA:13,0
DA:14,0
DA:16,0
DA:19,0
DA:20,0
DA:21,0
DA:22,0
DA:23,0
DA:25,0
DA:26,0
DA:28,0
DA:30,0
DA:34,0
DA:35,0
DA:36,0
DA:37,0
DA:39,0
DA:41,0
DA:44,0
LF:27
LH:0
BRDA:21,0,0,0
BRDA:21,0,1,0
BRF:2
BRH:0
end_of_record
TN:
SF:/home/laissonsilveira/digitro/ambiente/workspaces/workspaceDefault/clock-in-dgt/utils/db.js
FN:5,(anonymous_0)
FN:9,(anonymous_1)
FN:10,(anonymous_2)
FN:12,(anonymous_3)
FN:19,(anonymous_4)
FN:20,(anonymous_5)
FN:21,(anonymous_6)
FN:28,(anonymous_7)
FN:30,(anonymous_8)
FN:31,(anonymous_9)
FN:38,(anonymous_10)
FNF:11
FNH:0
FNDA:0,(anonymous_0)
FNDA:0,(anonymous_1)
FNDA:0,(anonymous_2)
FNDA:0,(anonymous_3)
FNDA:0,(anonymous_4)
FNDA:0,(anonymous_5)
FNDA:0,(anonymous_6)
FNDA:0,(anonymous_7)
FNDA:0,(anonymous_8)
FNDA:0,(anonymous_9)
FNDA:0,(anonymous_10)
DA:1,1
DA:2,1
DA:6,0
DA:10,0
DA:11,0
DA:12,0
DA:13,0
DA:14,0
DA:20,0
DA:21,0
DA:22,0
DA:23,0
DA:29,0
DA:30,0
DA:31,0
DA:32,0
DA:33,0
DA:39,0
DA:44,1
LF:19
LH:3
BRDA:13,0,0,0
BRDA:13,0,1,0
BRDA:22,1,0,0
BRDA:22,1,1,0
BRDA:32,2,0,0
BRDA:32,2,1,0
BRF:6
BRH:0
end_of_record
TN:
SF:/home/laissonsilveira/digitro/ambiente/workspaces/workspaceDefault/clock-in-dgt/utils/helper.js
FN:7,authentication
FN:11,(anonymous_1)
FN:14,(anonymous_2)
FN:25,(anonymous_3)
FN:28,_decode
FN:63,_normalizeHour
FN:81,_getType
FN:87,_getDuration
FN:92,_formatMinutes
FN:96,_getHours
FN:97,(anonymous_10)
FN:97,(anonymous_11)
FN:100,_totalCalc
FN:102,(anonymous_13)
FN:103,(anonymous_14)
FN:104,(anonymous_15)
FN:116,(anonymous_16)
FN:119,(anonymous_17)
FN:120,(anonymous_18)
FNF:19
FNH:14
FNDA:0,authentication
FNDA:0,(anonymous_1)
FNDA:0,(anonymous_2)
FNDA:0,(anonymous_3)
FNDA:0,_decode
FNDA:30,_normalizeHour
FNDA:16,_getType
FNDA:23,_getDuration
FNDA:57,_formatMinutes
FNDA:27,_getHours
FNDA:75,(anonymous_10)
FNDA:17,(anonymous_11)
FNDA:7,_totalCalc
FNDA:4,(anonymous_13)
FNDA:4,(anonymous_14)
FNDA:4,(anonymous_15)
FNDA:7,(anonymous_16)
FNDA:7,(anonymous_17)
FNDA:9,(anonymous_18)
DA:1,1
DA:2,1
DA:3,1
DA:4,1
DA:5,1
DA:8,0
DA:9,0
DA:10,0
DA:13,0
DA:14,0
DA:17,0
DA:18,0
DA:19,0
DA:20,0
DA:22,0
DA:25,0
DA:29,0
DA:30,0
DA:31,0
DA:32,0
DA:34,0
DA:36,0
DA:37,0
DA:38,0
DA:39,0
DA:40,0
DA:42,0
DA:43,0
DA:44,0
DA:46,0
DA:48,0
DA:49,0
DA:51,0
DA:52,0
DA:55,0
DA:56,0
DA:60,0
DA:64,30
DA:65,30
DA:66,1
DA:67,1
DA:68,29
DA:69,3
DA:70,3
DA:71,26
DA:72,2
DA:73,2
DA:74,24
DA:75,2
DA:76,2
DA:78,30
DA:82,16
DA:83,14
DA:84,14
DA:88,23
DA:93,57
DA:97,75
DA:101,7
DA:102,4
DA:103,4
DA:104,4
DA:107,5
DA:108,5
DA:109,5
DA:111,7
DA:112,7
DA:113,7
DA:116,1
DA:117,7
DA:118,7
DA:119,7
DA:120,7
DA:121,9
DA:122,0
DA:123,9
DA:124,0
DA:125,9
DA:126,9
DA:127,9
DA:128,9
DA:129,9
DA:130,9
DA:131,5
DA:132,5
DA:133,5
DA:139,4
DA:140,4
DA:141,4
DA:142,4
DA:143,4
DA:144,4
DA:145,4
DA:146,0
DA:150,0
DA:156,4
DA:160,4
DA:164,4
DA:168,4
DA:173,4
DA:174,2
DA:180,9
DA:181,1
DA:186,9
DA:187,1
DA:192,9
DA:193,9
DA:194,9
DA:195,9
DA:196,9
DA:197,9
DA:198,9
DA:203,9
DA:205,7
DA:208,7
DA:211,1
LF:115
LH:79
BRDA:13,0,0,0
BRDA:13,0,1,0
BRDA:13,1,0,0
BRDA:13,1,1,0
BRDA:13,1,2,0
BRDA:14,2,0,0
BRDA:14,2,1,0
BRDA:17,3,0,0
BRDA:17,3,1,0
BRDA:48,4,0,0
BRDA:48,4,1,0
BRDA:51,5,0,0
BRDA:51,5,1,0
BRDA:65,6,0,1
BRDA:65,6,1,29
BRDA:65,7,0,30
BRDA:65,7,1,1
BRDA:65,7,2,30
BRDA:65,7,3,1
BRDA:68,8,0,3
BRDA:68,8,1,26
BRDA:68,9,0,29
BRDA:68,9,1,1
BRDA:68,9,2,29
BRDA:68,9,3,3
BRDA:71,10,0,2
BRDA:71,10,1,24
BRDA:71,11,0,26
BRDA:71,11,1,4
BRDA:71,11,2,2
BRDA:74,12,0,2
BRDA:74,12,1,22
BRDA:74,13,0,24
BRDA:74,13,1,2
BRDA:74,13,2,2
BRDA:82,14,0,2
BRDA:82,14,1,14
BRDA:82,15,0,16
BRDA:82,15,1,4
BRDA:83,16,0,0
BRDA:83,16,1,14
BRDA:83,17,0,14
BRDA:83,17,1,0
BRDA:84,18,0,6
BRDA:84,18,1,8
BRDA:84,19,0,14
BRDA:84,19,1,11
BRDA:89,20,0,5
BRDA:89,20,1,18
BRDA:89,21,0,23
BRDA:89,21,1,5
BRDA:101,22,0,2
BRDA:101,22,1,5
BRDA:102,23,0,4
BRDA:102,23,1,0
BRDA:103,24,0,4
BRDA:103,24,1,4
BRDA:104,25,0,4
BRDA:104,25,1,4
BRDA:107,26,0,5
BRDA:107,26,1,0
BRDA:108,27,0,5
BRDA:108,27,1,4
BRDA:109,28,0,5
BRDA:109,28,1,5
BRDA:117,29,0,7
BRDA:117,29,1,0
BRDA:117,30,0,7
BRDA:117,30,1,7
BRDA:117,30,2,7
BRDA:121,31,0,0
BRDA:121,31,1,9
BRDA:123,32,0,0
BRDA:123,32,1,9
BRDA:125,33,0,1
BRDA:125,33,1,8
BRDA:126,34,0,9
BRDA:126,34,1,5
BRDA:127,35,0,9
BRDA:127,35,1,1
BRDA:128,36,0,9
BRDA:128,36,1,0
BRDA:130,37,0,5
BRDA:130,37,1,4
BRDA:134,38,0,5
BRDA:134,38,1,5
BRDA:135,39,0,0
BRDA:135,39,1,5
BRDA:135,40,0,0
BRDA:135,40,1,5
BRDA:143,41,0,4
BRDA:143,41,1,2
BRDA:144,42,0,4
BRDA:144,42,1,2
BRDA:145,43,0,0
BRDA:145,43,1,4
BRDA:147,44,0,0
BRDA:147,44,1,0
BRDA:148,45,0,0
BRDA:148,45,1,0
BRDA:148,46,0,0
BRDA:148,46,1,0
BRDA:151,47,0,0
BRDA:151,47,1,0
BRDA:152,48,0,0
BRDA:152,48,1,0
BRDA:152,49,0,0
BRDA:152,49,1,0
BRDA:173,50,0,2
BRDA:173,50,1,2
BRDA:173,51,0,4
BRDA:173,51,1,2
BRDA:175,52,0,2
BRDA:175,52,1,1
BRDA:176,53,0,1
BRDA:176,53,1,1
BRDA:176,54,0,0
BRDA:176,54,1,1
BRDA:180,55,0,1
BRDA:180,55,1,8
BRDA:186,56,0,1
BRDA:186,56,1,8
BRDA:201,57,0,5
BRDA:201,57,1,4
BRDA:202,58,0,5
BRDA:202,58,1,4
BRDA:202,59,0,9
BRDA:202,59,1,5
BRDA:202,60,0,5
BRDA:202,60,1,5
BRF:130
BRH:93
end_of_record
TN:
SF:/home/laissonsilveira/digitro/ambiente/workspaces/workspaceDefault/clock-in-dgt/utils/logger.js
FN:14,timestamp
FNF:1
FNH:0
FNDA:0,timestamp
DA:1,0
DA:2,0
DA:4,0
DA:15,0
LF:4
LH:0
BRF:0
BRH:0
end_of_record
